Started GET "/" for 127.0.0.1 at 2017-02-09 19:06:16 -0800
Processing by Rails::WelcomeController#index as HTML
  Parameters: {"internal"=>true}
  Rendering /Users/cslaptop/.rvm/gems/ruby-2.4.0/gems/railties-5.0.1/lib/rails/templates/rails/welcome/index.html.erb
  Rendered /Users/cslaptop/.rvm/gems/ruby-2.4.0/gems/railties-5.0.1/lib/rails/templates/rails/welcome/index.html.erb (4.0ms)
Completed 200 OK in 23ms (Views: 10.9ms | ActiveRecord: 0.0ms)


  [1m[35m (1.4ms)[0m  [1m[35mCREATE TABLE "schema_migrations" ("version" varchar NOT NULL PRIMARY KEY)[0m
  [1m[35m (1.0ms)[0m  [1m[35mCREATE TABLE "ar_internal_metadata" ("key" varchar NOT NULL PRIMARY KEY, "value" varchar, "created_at" datetime NOT NULL, "updated_at" datetime NOT NULL)[0m
  [1m[36mActiveRecord::SchemaMigration Load (0.2ms)[0m  [1m[34mSELECT "schema_migrations".* FROM "schema_migrations"[0m
Migrating to DeviseCreateUsers (20170210030947)
  [1m[35m (0.1ms)[0m  [1m[36mbegin transaction[0m
  [1m[35m (0.5ms)[0m  [1m[35mCREATE TABLE "users" ("id" INTEGER PRIMARY KEY AUTOINCREMENT NOT NULL, "email" varchar DEFAULT '' NOT NULL, "encrypted_password" varchar DEFAULT '' NOT NULL, "reset_password_token" varchar, "reset_password_sent_at" datetime, "remember_created_at" datetime, "sign_in_count" integer DEFAULT 0 NOT NULL, "current_sign_in_at" datetime, "last_sign_in_at" datetime, "current_sign_in_ip" varchar, "last_sign_in_ip" varchar, "created_at" datetime NOT NULL, "updated_at" datetime NOT NULL)[0m
  [1m[35m (0.1ms)[0m  [1m[34mselect sqlite_version(*)[0m
  [1m[35m (0.1ms)[0m  [1m[35mCREATE UNIQUE INDEX "index_users_on_email" ON "users" ("email")[0m
  [1m[35m (0.1ms)[0m  [1m[34m            SELECT sql
            FROM sqlite_master
            WHERE name='index_users_on_email' AND type='index'
            UNION ALL
            SELECT sql
            FROM sqlite_temp_master
            WHERE name='index_users_on_email' AND type='index'
[0m
  [1m[35m (0.1ms)[0m  [1m[35mCREATE UNIQUE INDEX "index_users_on_reset_password_token" ON "users" ("reset_password_token")[0m
  [1m[35mSQL (0.1ms)[0m  [1m[32mINSERT INTO "schema_migrations" ("version") VALUES (?)[0m  [["version", "20170210030947"]]
  [1m[35m (0.8ms)[0m  [1m[36mcommit transaction[0m
  [1m[36mActiveRecord::InternalMetadata Load (0.1ms)[0m  [1m[34mSELECT  "ar_internal_metadata".* FROM "ar_internal_metadata" WHERE "ar_internal_metadata"."key" = ? LIMIT ?[0m  [["key", :environment], ["LIMIT", 1]]
  [1m[35m (0.1ms)[0m  [1m[36mbegin transaction[0m
  [1m[35mSQL (0.3ms)[0m  [1m[32mINSERT INTO "ar_internal_metadata" ("key", "value", "created_at", "updated_at") VALUES (?, ?, ?, ?)[0m  [["key", "environment"], ["value", "development"], ["created_at", 2017-02-10 03:11:45 UTC], ["updated_at", 2017-02-10 03:11:45 UTC]]
  [1m[35m (0.6ms)[0m  [1m[36mcommit transaction[0m
  [1m[36mActiveRecord::SchemaMigration Load (0.1ms)[0m  [1m[34mSELECT "schema_migrations".* FROM "schema_migrations"[0m
  [1m[35m (0.1ms)[0m  [1m[34m            SELECT sql
            FROM sqlite_master
            WHERE name='index_users_on_reset_password_token' AND type='index'
            UNION ALL
            SELECT sql
            FROM sqlite_temp_master
            WHERE name='index_users_on_reset_password_token' AND type='index'
[0m
  [1m[35m (0.1ms)[0m  [1m[34m            SELECT sql
            FROM sqlite_master
            WHERE name='index_users_on_email' AND type='index'
            UNION ALL
            SELECT sql
            FROM sqlite_temp_master
            WHERE name='index_users_on_email' AND type='index'
[0m
Started GET "/users/sign_in" for 127.0.0.1 at 2017-02-09 19:11:58 -0800
  [1m[36mActiveRecord::SchemaMigration Load (0.2ms)[0m  [1m[34mSELECT "schema_migrations".* FROM "schema_migrations"[0m
Processing by Devise::SessionsController#new as HTML
  Rendering /Users/cslaptop/.rvm/gems/ruby-2.4.0/gems/devise-4.2.0/app/views/devise/sessions/new.html.erb within layouts/application
  Rendered /Users/cslaptop/.rvm/gems/ruby-2.4.0/gems/devise-4.2.0/app/views/devise/shared/_links.html.erb (1.4ms)
  Rendered /Users/cslaptop/.rvm/gems/ruby-2.4.0/gems/devise-4.2.0/app/views/devise/sessions/new.html.erb within layouts/application (47.6ms)
Completed 200 OK in 427ms (Views: 395.7ms | ActiveRecord: 0.6ms)


Started GET "/users/sign_up" for 127.0.0.1 at 2017-02-09 19:12:06 -0800
Processing by Devise::RegistrationsController#new as HTML
  Rendering /Users/cslaptop/.rvm/gems/ruby-2.4.0/gems/devise-4.2.0/app/views/devise/registrations/new.html.erb within layouts/application
  Rendered /Users/cslaptop/.rvm/gems/ruby-2.4.0/gems/devise-4.2.0/app/views/devise/shared/_links.html.erb (1.1ms)
  Rendered /Users/cslaptop/.rvm/gems/ruby-2.4.0/gems/devise-4.2.0/app/views/devise/registrations/new.html.erb within layouts/application (6.1ms)
Completed 200 OK in 28ms (Views: 26.5ms | ActiveRecord: 0.0ms)


Started GET "/users/sign_in" for 127.0.0.1 at 2017-02-09 19:12:07 -0800
Processing by Devise::SessionsController#new as HTML
  Rendering /Users/cslaptop/.rvm/gems/ruby-2.4.0/gems/devise-4.2.0/app/views/devise/sessions/new.html.erb within layouts/application
  Rendered /Users/cslaptop/.rvm/gems/ruby-2.4.0/gems/devise-4.2.0/app/views/devise/shared/_links.html.erb (1.0ms)
  Rendered /Users/cslaptop/.rvm/gems/ruby-2.4.0/gems/devise-4.2.0/app/views/devise/sessions/new.html.erb within layouts/application (6.0ms)
Completed 200 OK in 28ms (Views: 27.0ms | ActiveRecord: 0.0ms)


Started GET "/users/password/new" for 127.0.0.1 at 2017-02-09 19:12:08 -0800
Processing by Devise::PasswordsController#new as HTML
  Rendering /Users/cslaptop/.rvm/gems/ruby-2.4.0/gems/devise-4.2.0/app/views/devise/passwords/new.html.erb within layouts/application
  Rendered /Users/cslaptop/.rvm/gems/ruby-2.4.0/gems/devise-4.2.0/app/views/devise/shared/_links.html.erb (1.0ms)
  Rendered /Users/cslaptop/.rvm/gems/ruby-2.4.0/gems/devise-4.2.0/app/views/devise/passwords/new.html.erb within layouts/application (5.6ms)
Completed 200 OK in 30ms (Views: 26.0ms | ActiveRecord: 0.0ms)


  [1m[36mActiveRecord::SchemaMigration Load (0.5ms)[0m  [1m[34mSELECT "schema_migrations".* FROM "schema_migrations"[0m
Migrating to CreatePosts (20170210031631)
  [1m[35m (0.1ms)[0m  [1m[36mbegin transaction[0m
  [1m[35m (0.6ms)[0m  [1m[35mCREATE TABLE "posts" ("id" INTEGER PRIMARY KEY AUTOINCREMENT NOT NULL, "description" text, "created_at" datetime NOT NULL, "updated_at" datetime NOT NULL)[0m
  [1m[35mSQL (0.2ms)[0m  [1m[32mINSERT INTO "schema_migrations" ("version") VALUES (?)[0m  [["version", "20170210031631"]]
  [1m[35m (0.8ms)[0m  [1m[36mcommit transaction[0m
  [1m[36mActiveRecord::InternalMetadata Load (0.1ms)[0m  [1m[34mSELECT  "ar_internal_metadata".* FROM "ar_internal_metadata" WHERE "ar_internal_metadata"."key" = ? LIMIT ?[0m  [["key", :environment], ["LIMIT", 1]]
  [1m[35m (0.0ms)[0m  [1m[36mbegin transaction[0m
  [1m[35m (0.0ms)[0m  [1m[36mcommit transaction[0m
  [1m[36mActiveRecord::SchemaMigration Load (0.1ms)[0m  [1m[34mSELECT "schema_migrations".* FROM "schema_migrations"[0m
  [1m[35m (0.1ms)[0m  [1m[34m            SELECT sql
            FROM sqlite_master
            WHERE name='index_users_on_reset_password_token' AND type='index'
            UNION ALL
            SELECT sql
            FROM sqlite_temp_master
            WHERE name='index_users_on_reset_password_token' AND type='index'
[0m
  [1m[35m (0.1ms)[0m  [1m[34m            SELECT sql
            FROM sqlite_master
            WHERE name='index_users_on_email' AND type='index'
            UNION ALL
            SELECT sql
            FROM sqlite_temp_master
            WHERE name='index_users_on_email' AND type='index'
[0m
Started GET "/" for 127.0.0.1 at 2017-02-09 19:18:24 -0800
  [1m[36mActiveRecord::SchemaMigration Load (0.5ms)[0m  [1m[34mSELECT "schema_migrations".* FROM "schema_migrations"[0m
Processing by PostsController#index as HTML
  Rendering posts/index.html.erb within layouts/application
  Rendered posts/index.html.erb within layouts/application (1.5ms)
Completed 200 OK in 3834ms (Views: 3822.8ms | ActiveRecord: 0.0ms)


Started GET "/" for 127.0.0.1 at 2017-02-09 19:19:22 -0800
Processing by PostsController#index as HTML
  Rendering posts/index.html.erb within layouts/application
  Rendered posts/index.html.erb within layouts/application (0.6ms)
Completed 200 OK in 46ms (Views: 44.4ms | ActiveRecord: 0.0ms)


Started GET "/" for 127.0.0.1 at 2017-02-09 19:19:37 -0800
Processing by PostsController#index as HTML
  Rendering posts/index.html.erb within layouts/application
  Rendered posts/index.html.erb within layouts/application (0.3ms)
Completed 200 OK in 44ms (Views: 42.7ms | ActiveRecord: 0.0ms)


Started GET "/" for 127.0.0.1 at 2017-02-09 19:19:39 -0800
Processing by PostsController#index as HTML
  Rendering posts/index.html.erb within layouts/application
  Rendered posts/index.html.erb within layouts/application (0.4ms)
Completed 200 OK in 57ms (Views: 54.8ms | ActiveRecord: 0.0ms)


Started GET "/" for 127.0.0.1 at 2017-02-09 19:20:11 -0800
Processing by PostsController#index as HTML
  Rendering posts/index.html.erb within layouts/application
  Rendered posts/index.html.erb within layouts/application (0.4ms)
Completed 200 OK in 55ms (Views: 53.2ms | ActiveRecord: 0.0ms)


Started GET "/" for 127.0.0.1 at 2017-02-09 19:21:05 -0800
Processing by PostsController#index as HTML
  Rendering posts/index.html.erb within layouts/application
  Rendered posts/index.html.erb within layouts/application (0.3ms)
Completed 200 OK in 53ms (Views: 51.3ms | ActiveRecord: 0.0ms)


Started GET "/posts/new" for 127.0.0.1 at 2017-02-09 19:21:07 -0800
Processing by PostsController#new as HTML
  Rendering posts/new.html.erb within layouts/application
  Rendered posts/new.html.erb within layouts/application (0.5ms)
Completed 200 OK in 54ms (Views: 45.5ms | ActiveRecord: 0.0ms)


Started GET "/posts/new" for 127.0.0.1 at 2017-02-09 19:21:20 -0800
Processing by PostsController#new as HTML
  Rendering posts/new.html.erb within layouts/application
  Rendered posts/new.html.erb within layouts/application (0.5ms)
Completed 200 OK in 49ms (Views: 47.3ms | ActiveRecord: 0.0ms)


Started GET "/posts/new" for 127.0.0.1 at 2017-02-09 19:21:24 -0800
Processing by PostsController#new as HTML
  Rendering posts/new.html.erb within layouts/application
  Rendered posts/new.html.erb within layouts/application (0.3ms)
Completed 200 OK in 58ms (Views: 56.6ms | ActiveRecord: 0.0ms)


Started GET "/posts/new" for 127.0.0.1 at 2017-02-09 19:23:03 -0800
Processing by PostsController#new as HTML
  Rendering posts/new.html.erb within layouts/application
  Rendered posts/new.html.erb within layouts/application (0.5ms)
Completed 200 OK in 57ms (Views: 54.3ms | ActiveRecord: 0.0ms)


Started GET "/users/sign_in" for 127.0.0.1 at 2017-02-09 19:23:06 -0800
Processing by Devise::SessionsController#new as HTML
  Rendering /Users/cslaptop/.rvm/gems/ruby-2.4.0/gems/devise-4.2.0/app/views/devise/sessions/new.html.erb within layouts/application
  Rendered /Users/cslaptop/.rvm/gems/ruby-2.4.0/gems/devise-4.2.0/app/views/devise/shared/_links.html.erb (1.3ms)
  Rendered /Users/cslaptop/.rvm/gems/ruby-2.4.0/gems/devise-4.2.0/app/views/devise/sessions/new.html.erb within layouts/application (32.7ms)
Completed 200 OK in 109ms (Views: 94.7ms | ActiveRecord: 0.7ms)


Started GET "/users/sign_up" for 127.0.0.1 at 2017-02-09 19:23:07 -0800
Processing by Devise::RegistrationsController#new as HTML
  Rendering /Users/cslaptop/.rvm/gems/ruby-2.4.0/gems/devise-4.2.0/app/views/devise/registrations/new.html.erb within layouts/application
  Rendered /Users/cslaptop/.rvm/gems/ruby-2.4.0/gems/devise-4.2.0/app/views/devise/shared/_links.html.erb (1.0ms)
  Rendered /Users/cslaptop/.rvm/gems/ruby-2.4.0/gems/devise-4.2.0/app/views/devise/registrations/new.html.erb within layouts/application (6.0ms)
Completed 200 OK in 65ms (Views: 63.5ms | ActiveRecord: 0.0ms)


Started GET "/users/sign_in" for 127.0.0.1 at 2017-02-09 19:23:09 -0800
Processing by Devise::SessionsController#new as HTML
  Rendering /Users/cslaptop/.rvm/gems/ruby-2.4.0/gems/devise-4.2.0/app/views/devise/sessions/new.html.erb within layouts/application
  Rendered /Users/cslaptop/.rvm/gems/ruby-2.4.0/gems/devise-4.2.0/app/views/devise/shared/_links.html.erb (1.1ms)
  Rendered /Users/cslaptop/.rvm/gems/ruby-2.4.0/gems/devise-4.2.0/app/views/devise/sessions/new.html.erb within layouts/application (7.5ms)
Completed 200 OK in 62ms (Views: 60.3ms | ActiveRecord: 0.0ms)


Started GET "/users/sign_in" for 127.0.0.1 at 2017-02-09 19:24:57 -0800
Processing by Devise::SessionsController#new as HTML
  Rendering /Users/cslaptop/.rvm/gems/ruby-2.4.0/gems/devise-4.2.0/app/views/devise/sessions/new.html.erb within layouts/application
  Rendered /Users/cslaptop/.rvm/gems/ruby-2.4.0/gems/devise-4.2.0/app/views/devise/shared/_links.html.erb (0.9ms)
  Rendered /Users/cslaptop/.rvm/gems/ruby-2.4.0/gems/devise-4.2.0/app/views/devise/sessions/new.html.erb within layouts/application (6.4ms)
Completed 200 OK in 80ms (Views: 68.2ms | ActiveRecord: 0.7ms)


Started GET "/posts/new" for 127.0.0.1 at 2017-02-09 19:24:58 -0800
Processing by PostsController#new as HTML
  Rendering posts/new.html.erb within layouts/application
  Rendered posts/new.html.erb within layouts/application (3.5ms)
Completed 200 OK in 68ms (Views: 52.3ms | ActiveRecord: 0.6ms)


Started GET "/posts/new" for 127.0.0.1 at 2017-02-09 19:27:01 -0800
Processing by PostsController#new as HTML
  Rendering posts/new.html.erb within layouts/application
  Rendered posts/new.html.erb within layouts/application (1.7ms)
Completed 200 OK in 51ms (Views: 49.2ms | ActiveRecord: 0.0ms)


Started GET "/posts/new" for 127.0.0.1 at 2017-02-09 19:27:58 -0800
Processing by PostsController#new as HTML
  Rendering posts/new.html.erb within layouts/application
  Rendered posts/new.html.erb within layouts/application (1.8ms)
Completed 500 Internal Server Error in 11ms (ActiveRecord: 0.0ms)


  
SyntaxError (/Users/cslaptop/Documents/instagram_app/app/views/layouts/application.html.erb:31: syntax error, unexpected tSYMBEG, expecting keyword_do or '{' or '('
oy_user_session_path, method :delete );@output_buffer.safe_a
                              ^):
  
app/views/layouts/application.html.erb:31: syntax error, unexpected tSYMBEG, expecting keyword_do or '{' or '('
  Rendering /Users/cslaptop/.rvm/gems/ruby-2.4.0/gems/actionpack-5.0.1/lib/action_dispatch/middleware/templates/rescues/diagnostics.html.erb within rescues/layout
  Rendering /Users/cslaptop/.rvm/gems/ruby-2.4.0/gems/actionpack-5.0.1/lib/action_dispatch/middleware/templates/rescues/_source.html.erb
  Rendered /Users/cslaptop/.rvm/gems/ruby-2.4.0/gems/actionpack-5.0.1/lib/action_dispatch/middleware/templates/rescues/_source.html.erb (5.8ms)
  Rendering /Users/cslaptop/.rvm/gems/ruby-2.4.0/gems/actionpack-5.0.1/lib/action_dispatch/middleware/templates/rescues/_trace.html.erb
  Rendered /Users/cslaptop/.rvm/gems/ruby-2.4.0/gems/actionpack-5.0.1/lib/action_dispatch/middleware/templates/rescues/_trace.html.erb (2.5ms)
  Rendering /Users/cslaptop/.rvm/gems/ruby-2.4.0/gems/actionpack-5.0.1/lib/action_dispatch/middleware/templates/rescues/_request_and_response.html.erb
  Rendered /Users/cslaptop/.rvm/gems/ruby-2.4.0/gems/actionpack-5.0.1/lib/action_dispatch/middleware/templates/rescues/_request_and_response.html.erb (0.8ms)
  Rendered /Users/cslaptop/.rvm/gems/ruby-2.4.0/gems/actionpack-5.0.1/lib/action_dispatch/middleware/templates/rescues/diagnostics.html.erb within rescues/layout (82.7ms)
Started GET "/posts/new" for 127.0.0.1 at 2017-02-09 19:28:18 -0800
Processing by PostsController#new as HTML
  Rendering posts/new.html.erb within layouts/application
  Rendered posts/new.html.erb within layouts/application (1.7ms)
Completed 200 OK in 62ms (Views: 59.4ms | ActiveRecord: 0.0ms)


Started GET "/users/sign_up" for 127.0.0.1 at 2017-02-09 19:28:20 -0800
Processing by Devise::RegistrationsController#new as HTML
  Rendering /Users/cslaptop/.rvm/gems/ruby-2.4.0/gems/devise-4.2.0/app/views/devise/registrations/new.html.erb within layouts/application
  Rendered /Users/cslaptop/.rvm/gems/ruby-2.4.0/gems/devise-4.2.0/app/views/devise/shared/_links.html.erb (1.0ms)
  Rendered /Users/cslaptop/.rvm/gems/ruby-2.4.0/gems/devise-4.2.0/app/views/devise/registrations/new.html.erb within layouts/application (6.9ms)
Completed 200 OK in 60ms (Views: 59.5ms | ActiveRecord: 0.0ms)


Started POST "/users" for 127.0.0.1 at 2017-02-09 19:28:31 -0800
Processing by Devise::RegistrationsController#create as HTML
  Parameters: {"utf8"=>"✓", "authenticity_token"=>"UYVqN2/eP1iOtC7Nwe9num1IjiK3Y2IX9q0W/VFN4+0mRjs1EbwIYPP92Vp2mfhqQ1598vEJDIG5u2sj3IL7sA==", "user"=>{"email"=>"samdow@gmail.com", "password"=>"[FILTERED]", "password_confirmation"=>"[FILTERED]"}, "commit"=>"Sign up"}
  [1m[35m (0.1ms)[0m  [1m[36mbegin transaction[0m
  [1m[36mUser Exists (0.5ms)[0m  [1m[34mSELECT  1 AS one FROM "users" WHERE "users"."email" = ? LIMIT ?[0m  [["email", "samdow@gmail.com"], ["LIMIT", 1]]
  [1m[35mSQL (1.4ms)[0m  [1m[32mINSERT INTO "users" ("email", "encrypted_password", "created_at", "updated_at") VALUES (?, ?, ?, ?)[0m  [["email", "samdow@gmail.com"], ["encrypted_password", "$2a$11$QkHk74UKNWgi36PpwrFCAeM8.3fWUdj3P17zT9n5H.cFmga1GF2b2"], ["created_at", 2017-02-10 03:28:31 UTC], ["updated_at", 2017-02-10 03:28:31 UTC]]
  [1m[35m (0.8ms)[0m  [1m[36mcommit transaction[0m
  [1m[35m (0.0ms)[0m  [1m[36mbegin transaction[0m
  [1m[35mSQL (0.3ms)[0m  [1m[33mUPDATE "users" SET "sign_in_count" = ?, "current_sign_in_at" = ?, "last_sign_in_at" = ?, "current_sign_in_ip" = ?, "last_sign_in_ip" = ?, "updated_at" = ? WHERE "users"."id" = ?[0m  [["sign_in_count", 1], ["current_sign_in_at", 2017-02-10 03:28:31 UTC], ["last_sign_in_at", 2017-02-10 03:28:31 UTC], ["current_sign_in_ip", "127.0.0.1"], ["last_sign_in_ip", "127.0.0.1"], ["updated_at", 2017-02-10 03:28:31 UTC], ["id", 1]]
  [1m[35m (0.8ms)[0m  [1m[36mcommit transaction[0m
Redirected to http://localhost:3000/
Completed 302 Found in 172ms (ActiveRecord: 3.9ms)


Started GET "/" for 127.0.0.1 at 2017-02-09 19:28:31 -0800
Processing by PostsController#index as HTML
  Rendering posts/index.html.erb within layouts/application
  Rendered posts/index.html.erb within layouts/application (0.4ms)
  [1m[36mUser Load (0.2ms)[0m  [1m[34mSELECT  "users".* FROM "users" WHERE "users"."id" = ? ORDER BY "users"."id" ASC LIMIT ?[0m  [["id", 1], ["LIMIT", 1]]
Completed 200 OK in 48ms (Views: 45.3ms | ActiveRecord: 0.2ms)


Started GET "/" for 127.0.0.1 at 2017-02-09 19:28:36 -0800
Processing by PostsController#index as HTML
  Rendering posts/index.html.erb within layouts/application
  Rendered posts/index.html.erb within layouts/application (0.4ms)
  [1m[36mUser Load (0.2ms)[0m  [1m[34mSELECT  "users".* FROM "users" WHERE "users"."id" = ? ORDER BY "users"."id" ASC LIMIT ?[0m  [["id", 1], ["LIMIT", 1]]
Completed 200 OK in 52ms (Views: 49.5ms | ActiveRecord: 0.2ms)


Started DELETE "/users/sign_out" for 127.0.0.1 at 2017-02-09 19:28:37 -0800
Processing by Devise::SessionsController#destroy as HTML
  Parameters: {"authenticity_token"=>"sND/4TMQIAuAhxvHca8kctPV+337GO7uOCrn33qIH5ysEY9b2FpmtYC0p3/5V1um8dUnWuw2XrNnmVICmDNJCg=="}
  [1m[36mUser Load (0.2ms)[0m  [1m[34mSELECT  "users".* FROM "users" WHERE "users"."id" = ? ORDER BY "users"."id" ASC LIMIT ?[0m  [["id", 1], ["LIMIT", 1]]
  [1m[35m (0.1ms)[0m  [1m[36mbegin transaction[0m
  [1m[35m (0.0ms)[0m  [1m[36mcommit transaction[0m
Redirected to http://localhost:3000/
Completed 302 Found in 6ms (ActiveRecord: 0.3ms)


Started GET "/" for 127.0.0.1 at 2017-02-09 19:28:37 -0800
Processing by PostsController#index as HTML
  Rendering posts/index.html.erb within layouts/application
  Rendered posts/index.html.erb within layouts/application (0.5ms)
Completed 200 OK in 61ms (Views: 59.7ms | ActiveRecord: 0.0ms)


Started GET "/users/sign_in" for 127.0.0.1 at 2017-02-09 19:28:38 -0800
Processing by Devise::SessionsController#new as HTML
  Rendering /Users/cslaptop/.rvm/gems/ruby-2.4.0/gems/devise-4.2.0/app/views/devise/sessions/new.html.erb within layouts/application
  Rendered /Users/cslaptop/.rvm/gems/ruby-2.4.0/gems/devise-4.2.0/app/views/devise/shared/_links.html.erb (1.6ms)
  Rendered /Users/cslaptop/.rvm/gems/ruby-2.4.0/gems/devise-4.2.0/app/views/devise/sessions/new.html.erb within layouts/application (6.9ms)
Completed 200 OK in 62ms (Views: 60.7ms | ActiveRecord: 0.0ms)


Started POST "/users/sign_in" for 127.0.0.1 at 2017-02-09 19:28:43 -0800
Processing by Devise::SessionsController#create as HTML
  Parameters: {"utf8"=>"✓", "authenticity_token"=>"70sp47ouJfQ0p2bOYQV5EgEIq5DC8YPIsDrQGtlGx6thTDAY3ShNzAs2Z+zFiYi9obVn/McKzUUoS2zN5fP2sQ==", "user"=>{"email"=>"samdow@gmail.com", "password"=>"[FILTERED]", "remember_me"=>"0"}, "commit"=>"Log in"}
  [1m[36mUser Load (0.2ms)[0m  [1m[34mSELECT  "users".* FROM "users" WHERE "users"."email" = ? ORDER BY "users"."id" ASC LIMIT ?[0m  [["email", "samdow@gmail.com"], ["LIMIT", 1]]
  [1m[35m (0.1ms)[0m  [1m[36mbegin transaction[0m
  [1m[35mSQL (0.3ms)[0m  [1m[33mUPDATE "users" SET "current_sign_in_at" = ?, "sign_in_count" = ?, "updated_at" = ? WHERE "users"."id" = ?[0m  [["current_sign_in_at", 2017-02-10 03:28:43 UTC], ["sign_in_count", 2], ["updated_at", 2017-02-10 03:28:43 UTC], ["id", 1]]
  [1m[35m (0.8ms)[0m  [1m[36mcommit transaction[0m
Redirected to http://localhost:3000/
Completed 302 Found in 155ms (ActiveRecord: 1.5ms)


Started GET "/" for 127.0.0.1 at 2017-02-09 19:28:43 -0800
Processing by PostsController#index as HTML
  Rendering posts/index.html.erb within layouts/application
  Rendered posts/index.html.erb within layouts/application (0.4ms)
  [1m[36mUser Load (0.4ms)[0m  [1m[34mSELECT  "users".* FROM "users" WHERE "users"."id" = ? ORDER BY "users"."id" ASC LIMIT ?[0m  [["id", 1], ["LIMIT", 1]]
Completed 200 OK in 54ms (Views: 51.8ms | ActiveRecord: 0.4ms)


Started DELETE "/users/sign_out" for 127.0.0.1 at 2017-02-09 19:29:19 -0800
Processing by Devise::SessionsController#destroy as HTML
  Parameters: {"authenticity_token"=>"nBbtawFTdiB7gRrNkymeJHnawIiG+PL8Rdls87hIF3hYfMNNljx8DeobLyaxlgDBFZKyAgTLnEyNLNfnIV8szw=="}
  [1m[36mUser Load (0.2ms)[0m  [1m[34mSELECT  "users".* FROM "users" WHERE "users"."id" = ? ORDER BY "users"."id" ASC LIMIT ?[0m  [["id", 1], ["LIMIT", 1]]
  [1m[35m (0.0ms)[0m  [1m[36mbegin transaction[0m
  [1m[35m (0.0ms)[0m  [1m[36mcommit transaction[0m
Redirected to http://localhost:3000/
Completed 302 Found in 3ms (ActiveRecord: 0.3ms)


Started GET "/" for 127.0.0.1 at 2017-02-09 19:29:19 -0800
Processing by PostsController#index as HTML
  Rendering posts/index.html.erb within layouts/application
  Rendered posts/index.html.erb within layouts/application (0.4ms)
Completed 200 OK in 53ms (Views: 49.6ms | ActiveRecord: 0.0ms)


Started GET "/users/sign_up" for 127.0.0.1 at 2017-02-09 19:29:20 -0800
Processing by Devise::RegistrationsController#new as HTML
  Rendering /Users/cslaptop/.rvm/gems/ruby-2.4.0/gems/devise-4.2.0/app/views/devise/registrations/new.html.erb within layouts/application
  Rendered /Users/cslaptop/.rvm/gems/ruby-2.4.0/gems/devise-4.2.0/app/views/devise/shared/_links.html.erb (1.4ms)
  Rendered /Users/cslaptop/.rvm/gems/ruby-2.4.0/gems/devise-4.2.0/app/views/devise/registrations/new.html.erb within layouts/application (6.8ms)
Completed 200 OK in 62ms (Views: 60.8ms | ActiveRecord: 0.0ms)


Started GET "/" for 127.0.0.1 at 2017-02-09 19:29:21 -0800
Processing by PostsController#index as HTML
  Rendering posts/index.html.erb within layouts/application
  Rendered posts/index.html.erb within layouts/application (0.6ms)
Completed 200 OK in 55ms (Views: 52.0ms | ActiveRecord: 0.0ms)


Started GET "/" for 127.0.0.1 at 2017-02-09 19:29:46 -0800
Processing by PostsController#index as HTML
  Rendering posts/index.html.erb within layouts/application
  Rendered posts/index.html.erb within layouts/application (0.4ms)
Completed 200 OK in 49ms (Views: 47.5ms | ActiveRecord: 0.0ms)


Started GET "/users/sign_in" for 127.0.0.1 at 2017-02-09 19:29:47 -0800
Processing by Devise::SessionsController#new as HTML
  Rendering /Users/cslaptop/.rvm/gems/ruby-2.4.0/gems/devise-4.2.0/app/views/devise/sessions/new.html.erb within layouts/application
  Rendered /Users/cslaptop/.rvm/gems/ruby-2.4.0/gems/devise-4.2.0/app/views/devise/shared/_links.html.erb (0.9ms)
  Rendered /Users/cslaptop/.rvm/gems/ruby-2.4.0/gems/devise-4.2.0/app/views/devise/sessions/new.html.erb within layouts/application (6.0ms)
Completed 200 OK in 66ms (Views: 65.2ms | ActiveRecord: 0.0ms)


Started POST "/users/sign_in" for 127.0.0.1 at 2017-02-09 19:29:51 -0800
Processing by Devise::SessionsController#create as HTML
  Parameters: {"utf8"=>"✓", "authenticity_token"=>"X8ZVQ6cIvvk/lWiOgX+fqm5PitHzQQu2sqbhxlxY0KZkbyZpE7QH/VodKdmFKMgF9PPNCo7jEgHb0VCmNu980w==", "user"=>{"email"=>"samdow@gmail.com", "password"=>"[FILTERED]", "remember_me"=>"0"}, "commit"=>"Log in"}
  [1m[36mUser Load (0.2ms)[0m  [1m[34mSELECT  "users".* FROM "users" WHERE "users"."email" = ? ORDER BY "users"."id" ASC LIMIT ?[0m  [["email", "samdow@gmail.com"], ["LIMIT", 1]]
  [1m[35m (0.1ms)[0m  [1m[36mbegin transaction[0m
  [1m[35mSQL (0.3ms)[0m  [1m[33mUPDATE "users" SET "current_sign_in_at" = ?, "last_sign_in_at" = ?, "sign_in_count" = ?, "updated_at" = ? WHERE "users"."id" = ?[0m  [["current_sign_in_at", 2017-02-10 03:29:51 UTC], ["last_sign_in_at", 2017-02-10 03:28:43 UTC], ["sign_in_count", 3], ["updated_at", 2017-02-10 03:29:51 UTC], ["id", 1]]
  [1m[35m (0.7ms)[0m  [1m[36mcommit transaction[0m
Redirected to http://localhost:3000/
Completed 302 Found in 159ms (ActiveRecord: 1.3ms)


Started GET "/" for 127.0.0.1 at 2017-02-09 19:29:51 -0800
Processing by PostsController#index as HTML
  Rendering posts/index.html.erb within layouts/application
  Rendered posts/index.html.erb within layouts/application (0.3ms)
  [1m[36mUser Load (0.2ms)[0m  [1m[34mSELECT  "users".* FROM "users" WHERE "users"."id" = ? ORDER BY "users"."id" ASC LIMIT ?[0m  [["id", 1], ["LIMIT", 1]]
Completed 200 OK in 49ms (Views: 47.4ms | ActiveRecord: 0.2ms)


Started DELETE "/users/sign_out" for 127.0.0.1 at 2017-02-09 19:29:54 -0800
Processing by Devise::SessionsController#destroy as HTML
  Parameters: {"authenticity_token"=>"AD9H6l7AwNWCi+6nCzLcCWFDYLy0xHMtF+XcGJf4YFw7gtN9IE4FN/EYUkMI2voCBdr/hhSTluUaDinIjWMH9A=="}
  [1m[36mUser Load (0.2ms)[0m  [1m[34mSELECT  "users".* FROM "users" WHERE "users"."id" = ? ORDER BY "users"."id" ASC LIMIT ?[0m  [["id", 1], ["LIMIT", 1]]
  [1m[35m (0.0ms)[0m  [1m[36mbegin transaction[0m
  [1m[35m (0.1ms)[0m  [1m[36mcommit transaction[0m
Redirected to http://localhost:3000/
Completed 302 Found in 3ms (ActiveRecord: 0.3ms)


Started GET "/" for 127.0.0.1 at 2017-02-09 19:29:54 -0800
Processing by PostsController#index as HTML
  Rendering posts/index.html.erb within layouts/application
  Rendered posts/index.html.erb within layouts/application (0.3ms)
Completed 200 OK in 58ms (Views: 56.3ms | ActiveRecord: 0.0ms)


Started GET "/users/sign_in" for 127.0.0.1 at 2017-02-09 19:30:16 -0800
Processing by Devise::SessionsController#new as HTML
  Rendering /Users/cslaptop/.rvm/gems/ruby-2.4.0/gems/devise-4.2.0/app/views/devise/sessions/new.html.erb within layouts/application
  Rendered /Users/cslaptop/.rvm/gems/ruby-2.4.0/gems/devise-4.2.0/app/views/devise/shared/_links.html.erb (1.1ms)
  Rendered /Users/cslaptop/.rvm/gems/ruby-2.4.0/gems/devise-4.2.0/app/views/devise/sessions/new.html.erb within layouts/application (6.2ms)
Completed 200 OK in 61ms (Views: 60.2ms | ActiveRecord: 0.0ms)


Started POST "/users/sign_in" for 127.0.0.1 at 2017-02-09 19:30:23 -0800
Processing by Devise::SessionsController#create as HTML
  Parameters: {"utf8"=>"✓", "authenticity_token"=>"hibxS4x7cB8FhgvxeQ6Q0Luq39Sc+ZkI8OqIQaaYiInybtdONvTTlt+xXFrcdS39Drhgm+w+V2ujub9Vtez+Fw==", "user"=>{"email"=>"samdow@gmail.com", "password"=>"[FILTERED]", "remember_me"=>"0"}, "commit"=>"Log in"}
  [1m[36mUser Load (0.2ms)[0m  [1m[34mSELECT  "users".* FROM "users" WHERE "users"."email" = ? ORDER BY "users"."id" ASC LIMIT ?[0m  [["email", "samdow@gmail.com"], ["LIMIT", 1]]
  [1m[35m (0.1ms)[0m  [1m[36mbegin transaction[0m
  [1m[35mSQL (0.3ms)[0m  [1m[33mUPDATE "users" SET "current_sign_in_at" = ?, "last_sign_in_at" = ?, "sign_in_count" = ?, "updated_at" = ? WHERE "users"."id" = ?[0m  [["current_sign_in_at", 2017-02-10 03:30:23 UTC], ["last_sign_in_at", 2017-02-10 03:29:51 UTC], ["sign_in_count", 4], ["updated_at", 2017-02-10 03:30:23 UTC], ["id", 1]]
  [1m[35m (0.8ms)[0m  [1m[36mcommit transaction[0m
Redirected to http://localhost:3000/
Completed 302 Found in 154ms (ActiveRecord: 1.5ms)


Started GET "/" for 127.0.0.1 at 2017-02-09 19:30:23 -0800
Processing by PostsController#index as HTML
  Rendering posts/index.html.erb within layouts/application
  Rendered posts/index.html.erb within layouts/application (0.3ms)
  [1m[36mUser Load (0.2ms)[0m  [1m[34mSELECT  "users".* FROM "users" WHERE "users"."id" = ? ORDER BY "users"."id" ASC LIMIT ?[0m  [["id", 1], ["LIMIT", 1]]
Completed 200 OK in 48ms (Views: 46.2ms | ActiveRecord: 0.2ms)


Started GET "/" for 127.0.0.1 at 2017-02-09 19:30:25 -0800
Processing by PostsController#index as HTML
  Rendering posts/index.html.erb within layouts/application
  Rendered posts/index.html.erb within layouts/application (0.4ms)
  [1m[36mUser Load (0.2ms)[0m  [1m[34mSELECT  "users".* FROM "users" WHERE "users"."id" = ? ORDER BY "users"."id" ASC LIMIT ?[0m  [["id", 1], ["LIMIT", 1]]
Completed 200 OK in 53ms (Views: 51.0ms | ActiveRecord: 0.2ms)


Started GET "/posts/new" for 127.0.0.1 at 2017-02-09 19:30:26 -0800
Processing by PostsController#new as HTML
  Rendering posts/new.html.erb within layouts/application
  Rendered posts/new.html.erb within layouts/application (1.6ms)
  [1m[36mUser Load (0.2ms)[0m  [1m[34mSELECT  "users".* FROM "users" WHERE "users"."id" = ? ORDER BY "users"."id" ASC LIMIT ?[0m  [["id", 1], ["LIMIT", 1]]
Completed 200 OK in 58ms (Views: 56.0ms | ActiveRecord: 0.2ms)


Started DELETE "/users/sign_out" for 127.0.0.1 at 2017-02-09 19:30:26 -0800
Processing by Devise::SessionsController#destroy as HTML
  Parameters: {"authenticity_token"=>"jtfV1NiXjx1D1Bw1/tq9cHp5BJOa8s/d4IS0Km2ZZk8hrus3sbXIhs7IoW12ZCWbj1kpczusfMqcSeYIA3oP6A=="}
  [1m[36mUser Load (0.3ms)[0m  [1m[34mSELECT  "users".* FROM "users" WHERE "users"."id" = ? ORDER BY "users"."id" ASC LIMIT ?[0m  [["id", 1], ["LIMIT", 1]]
  [1m[35m (0.0ms)[0m  [1m[36mbegin transaction[0m
  [1m[35m (0.0ms)[0m  [1m[36mcommit transaction[0m
Redirected to http://localhost:3000/
Completed 302 Found in 4ms (ActiveRecord: 0.3ms)


Started GET "/" for 127.0.0.1 at 2017-02-09 19:30:26 -0800
Processing by PostsController#index as HTML
  Rendering posts/index.html.erb within layouts/application
  Rendered posts/index.html.erb within layouts/application (0.4ms)
Completed 200 OK in 60ms (Views: 58.5ms | ActiveRecord: 0.0ms)


Started GET "/users/sign_in" for 127.0.0.1 at 2017-02-09 19:31:35 -0800
Processing by Devise::SessionsController#new as HTML
  Rendering /Users/cslaptop/.rvm/gems/ruby-2.4.0/gems/devise-4.2.0/app/views/devise/sessions/new.html.erb within layouts/application
  Rendered /Users/cslaptop/.rvm/gems/ruby-2.4.0/gems/devise-4.2.0/app/views/devise/shared/_links.html.erb (1.5ms)
  Rendered /Users/cslaptop/.rvm/gems/ruby-2.4.0/gems/devise-4.2.0/app/views/devise/sessions/new.html.erb within layouts/application (6.7ms)
Completed 200 OK in 59ms (Views: 58.0ms | ActiveRecord: 0.0ms)


Started POST "/users/sign_in" for 127.0.0.1 at 2017-02-09 19:31:41 -0800
Processing by Devise::SessionsController#create as HTML
  Parameters: {"utf8"=>"✓", "authenticity_token"=>"UGfad7osSjWLiL3YKFQykd/Zinv9GGJT18+Lw1LnOtOjiF7wVaDY4DCPm376DlK1cdose3XhZ3e3utoCkJiyeA==", "user"=>{"email"=>"samdow@gmail.com", "password"=>"[FILTERED]", "remember_me"=>"0"}, "commit"=>"Log in"}
  [1m[36mUser Load (0.2ms)[0m  [1m[34mSELECT  "users".* FROM "users" WHERE "users"."email" = ? ORDER BY "users"."id" ASC LIMIT ?[0m  [["email", "samdow@gmail.com"], ["LIMIT", 1]]
  [1m[35m (0.1ms)[0m  [1m[36mbegin transaction[0m
  [1m[35mSQL (0.4ms)[0m  [1m[33mUPDATE "users" SET "current_sign_in_at" = ?, "last_sign_in_at" = ?, "sign_in_count" = ?, "updated_at" = ? WHERE "users"."id" = ?[0m  [["current_sign_in_at", 2017-02-10 03:31:41 UTC], ["last_sign_in_at", 2017-02-10 03:30:23 UTC], ["sign_in_count", 5], ["updated_at", 2017-02-10 03:31:41 UTC], ["id", 1]]
  [1m[35m (0.8ms)[0m  [1m[36mcommit transaction[0m
Redirected to http://localhost:3000/
Completed 302 Found in 156ms (ActiveRecord: 1.5ms)


Started GET "/" for 127.0.0.1 at 2017-02-09 19:31:41 -0800
Processing by PostsController#index as HTML
  Rendering posts/index.html.erb within layouts/application
  Rendered posts/index.html.erb within layouts/application (0.3ms)
  [1m[36mUser Load (0.2ms)[0m  [1m[34mSELECT  "users".* FROM "users" WHERE "users"."id" = ? ORDER BY "users"."id" ASC LIMIT ?[0m  [["id", 1], ["LIMIT", 1]]
Completed 200 OK in 51ms (Views: 48.7ms | ActiveRecord: 0.2ms)


Started GET "/" for 127.0.0.1 at 2017-02-09 19:31:43 -0800
Processing by PostsController#index as HTML
  Rendering posts/index.html.erb within layouts/application
  Rendered posts/index.html.erb within layouts/application (0.4ms)
  [1m[36mUser Load (0.2ms)[0m  [1m[34mSELECT  "users".* FROM "users" WHERE "users"."id" = ? ORDER BY "users"."id" ASC LIMIT ?[0m  [["id", 1], ["LIMIT", 1]]
Completed 200 OK in 52ms (Views: 50.0ms | ActiveRecord: 0.2ms)


Started GET "/posts/new" for 127.0.0.1 at 2017-02-09 19:31:43 -0800
Processing by PostsController#new as HTML
  Rendering posts/new.html.erb within layouts/application
  Rendered posts/new.html.erb within layouts/application (1.6ms)
  [1m[36mUser Load (0.2ms)[0m  [1m[34mSELECT  "users".* FROM "users" WHERE "users"."id" = ? ORDER BY "users"."id" ASC LIMIT ?[0m  [["id", 1], ["LIMIT", 1]]
Completed 200 OK in 56ms (Views: 53.0ms | ActiveRecord: 0.2ms)


Started GET "/" for 127.0.0.1 at 2017-02-09 19:31:44 -0800
Processing by PostsController#index as HTML
  Rendering posts/index.html.erb within layouts/application
  Rendered posts/index.html.erb within layouts/application (0.4ms)
  [1m[36mUser Load (0.2ms)[0m  [1m[34mSELECT  "users".* FROM "users" WHERE "users"."id" = ? ORDER BY "users"."id" ASC LIMIT ?[0m  [["id", 1], ["LIMIT", 1]]
Completed 200 OK in 60ms (Views: 56.5ms | ActiveRecord: 0.2ms)


Started DELETE "/users/sign_out" for 127.0.0.1 at 2017-02-09 19:31:45 -0800
Processing by Devise::SessionsController#destroy as HTML
  Parameters: {"authenticity_token"=>"O/EBK5owdAK7+67YrpcUZ+kj5TSl45809Jz2mMPItuCqwke/iBUcnFBYdnkqefzK9OPTpEe1XkRZa/8kGSupxg=="}
  [1m[36mUser Load (0.2ms)[0m  [1m[34mSELECT  "users".* FROM "users" WHERE "users"."id" = ? ORDER BY "users"."id" ASC LIMIT ?[0m  [["id", 1], ["LIMIT", 1]]
  [1m[35m (0.0ms)[0m  [1m[36mbegin transaction[0m
  [1m[35m (0.0ms)[0m  [1m[36mcommit transaction[0m
Redirected to http://localhost:3000/
Completed 302 Found in 4ms (ActiveRecord: 0.3ms)


Started GET "/" for 127.0.0.1 at 2017-02-09 19:31:45 -0800
Processing by PostsController#index as HTML
  Rendering posts/index.html.erb within layouts/application
  Rendered posts/index.html.erb within layouts/application (0.4ms)
Completed 200 OK in 54ms (Views: 52.3ms | ActiveRecord: 0.0ms)


Started GET "/users/sign_in" for 127.0.0.1 at 2017-02-09 19:31:58 -0800
Processing by Devise::SessionsController#new as HTML
  Rendering /Users/cslaptop/.rvm/gems/ruby-2.4.0/gems/devise-4.2.0/app/views/devise/sessions/new.html.erb within layouts/application
  Rendered /Users/cslaptop/.rvm/gems/ruby-2.4.0/gems/devise-4.2.0/app/views/devise/shared/_links.html.erb (1.2ms)
  Rendered /Users/cslaptop/.rvm/gems/ruby-2.4.0/gems/devise-4.2.0/app/views/devise/sessions/new.html.erb within layouts/application (11.5ms)
Completed 200 OK in 66ms (Views: 64.8ms | ActiveRecord: 0.0ms)


Started POST "/users/sign_in" for 127.0.0.1 at 2017-02-09 19:32:04 -0800
Processing by Devise::SessionsController#create as HTML
  Parameters: {"utf8"=>"✓", "authenticity_token"=>"tdo3LWwUKvDiYnf5D064vQmhjK6/ni2vaIziI9jOpBYFRrvhQ6sJgQfEQpYlkz66FQ3xA7VsnOy4QVc/lJahOA==", "user"=>{"email"=>"samdow@gmail.com", "password"=>"[FILTERED]", "remember_me"=>"0"}, "commit"=>"Log in"}
  [1m[36mUser Load (0.2ms)[0m  [1m[34mSELECT  "users".* FROM "users" WHERE "users"."email" = ? ORDER BY "users"."id" ASC LIMIT ?[0m  [["email", "samdow@gmail.com"], ["LIMIT", 1]]
  [1m[35m (0.1ms)[0m  [1m[36mbegin transaction[0m
  [1m[35mSQL (0.3ms)[0m  [1m[33mUPDATE "users" SET "current_sign_in_at" = ?, "last_sign_in_at" = ?, "sign_in_count" = ?, "updated_at" = ? WHERE "users"."id" = ?[0m  [["current_sign_in_at", 2017-02-10 03:32:04 UTC], ["last_sign_in_at", 2017-02-10 03:31:41 UTC], ["sign_in_count", 6], ["updated_at", 2017-02-10 03:32:04 UTC], ["id", 1]]
  [1m[35m (1.0ms)[0m  [1m[36mcommit transaction[0m
Redirected to http://localhost:3000/
Completed 302 Found in 153ms (ActiveRecord: 1.7ms)


Started GET "/" for 127.0.0.1 at 2017-02-09 19:32:04 -0800
Processing by PostsController#index as HTML
  Rendering posts/index.html.erb within layouts/application
  Rendered posts/index.html.erb within layouts/application (0.4ms)
  [1m[36mUser Load (0.2ms)[0m  [1m[34mSELECT  "users".* FROM "users" WHERE "users"."id" = ? ORDER BY "users"."id" ASC LIMIT ?[0m  [["id", 1], ["LIMIT", 1]]
Completed 200 OK in 50ms (Views: 48.3ms | ActiveRecord: 0.2ms)


Started DELETE "/users/sign_out" for 127.0.0.1 at 2017-02-09 19:32:06 -0800
Processing by Devise::SessionsController#destroy as HTML
  Parameters: {"authenticity_token"=>"s97hRk5OkCXKeSqBCRv+Ci4UUdIOGbTEiL672yfbDy9CKkxAx5o3TvwB2xbzMwx1IkIYpqotKBXNTTnp/URdyg=="}
  [1m[36mUser Load (0.2ms)[0m  [1m[34mSELECT  "users".* FROM "users" WHERE "users"."id" = ? ORDER BY "users"."id" ASC LIMIT ?[0m  [["id", 1], ["LIMIT", 1]]
  [1m[35m (0.0ms)[0m  [1m[36mbegin transaction[0m
  [1m[35m (0.0ms)[0m  [1m[36mcommit transaction[0m
Redirected to http://localhost:3000/
Completed 302 Found in 3ms (ActiveRecord: 0.3ms)


Started GET "/" for 127.0.0.1 at 2017-02-09 19:32:06 -0800
Processing by PostsController#index as HTML
  Rendering posts/index.html.erb within layouts/application
  Rendered posts/index.html.erb within layouts/application (0.4ms)
Completed 200 OK in 48ms (Views: 46.5ms | ActiveRecord: 0.0ms)


Started GET "/users/sign_in" for 127.0.0.1 at 2017-02-09 19:32:07 -0800
Processing by Devise::SessionsController#new as HTML
  Rendering /Users/cslaptop/.rvm/gems/ruby-2.4.0/gems/devise-4.2.0/app/views/devise/sessions/new.html.erb within layouts/application
  Rendered /Users/cslaptop/.rvm/gems/ruby-2.4.0/gems/devise-4.2.0/app/views/devise/shared/_links.html.erb (1.0ms)
  Rendered /Users/cslaptop/.rvm/gems/ruby-2.4.0/gems/devise-4.2.0/app/views/devise/sessions/new.html.erb within layouts/application (6.3ms)
Completed 200 OK in 70ms (Views: 69.1ms | ActiveRecord: 0.0ms)


Started POST "/users/sign_in" for 127.0.0.1 at 2017-02-09 19:32:13 -0800
Processing by Devise::SessionsController#create as HTML
  Parameters: {"utf8"=>"✓", "authenticity_token"=>"0ur/DF/E583+Is0tvBlSDPEMM+WH8yrbB1a5tmtTwbGZnsTqL330TleTaeC4L/oqTdd82e0wuAO1weBhidS+AQ==", "user"=>{"email"=>"samdow@gmail.com", "password"=>"[FILTERED]", "remember_me"=>"0"}, "commit"=>"Log in"}
  [1m[36mUser Load (0.2ms)[0m  [1m[34mSELECT  "users".* FROM "users" WHERE "users"."email" = ? ORDER BY "users"."id" ASC LIMIT ?[0m  [["email", "samdow@gmail.com"], ["LIMIT", 1]]
  [1m[35m (0.1ms)[0m  [1m[36mbegin transaction[0m
  [1m[35mSQL (0.4ms)[0m  [1m[33mUPDATE "users" SET "current_sign_in_at" = ?, "last_sign_in_at" = ?, "sign_in_count" = ?, "updated_at" = ? WHERE "users"."id" = ?[0m  [["current_sign_in_at", 2017-02-10 03:32:13 UTC], ["last_sign_in_at", 2017-02-10 03:32:04 UTC], ["sign_in_count", 7], ["updated_at", 2017-02-10 03:32:13 UTC], ["id", 1]]
  [1m[35m (0.8ms)[0m  [1m[36mcommit transaction[0m
Redirected to http://localhost:3000/
Completed 302 Found in 150ms (ActiveRecord: 1.5ms)


Started GET "/" for 127.0.0.1 at 2017-02-09 19:32:13 -0800
Processing by PostsController#index as HTML
  Rendering posts/index.html.erb within layouts/application
  Rendered posts/index.html.erb within layouts/application (0.3ms)
  [1m[36mUser Load (0.3ms)[0m  [1m[34mSELECT  "users".* FROM "users" WHERE "users"."id" = ? ORDER BY "users"."id" ASC LIMIT ?[0m  [["id", 1], ["LIMIT", 1]]
Completed 200 OK in 52ms (Views: 50.5ms | ActiveRecord: 0.3ms)


  [1m[36mActiveRecord::SchemaMigration Load (0.2ms)[0m  [1m[34mSELECT "schema_migrations".* FROM "schema_migrations"[0m
Migrating to AddAttachmentImageToPosts (20170210033526)
  [1m[35m (0.1ms)[0m  [1m[36mbegin transaction[0m
DEPRECATION WARNING: Directly inheriting from ActiveRecord::Migration is deprecated. Please specify the Rails release the migration was written for:

  class AddAttachmentImageToPosts < ActiveRecord::Migration[4.2] (called from block in execute at /Users/cslaptop/.rvm/gems/ruby-2.4.0@global/gems/rake-12.0.0/lib/rake/task.rb:250)
  [1m[35m (0.5ms)[0m  [1m[35mALTER TABLE "posts" ADD "image_file_name" varchar[0m
  [1m[35m (0.1ms)[0m  [1m[35mALTER TABLE "posts" ADD "image_content_type" varchar[0m
  [1m[35m (0.1ms)[0m  [1m[35mALTER TABLE "posts" ADD "image_file_size" integer[0m
  [1m[35m (0.1ms)[0m  [1m[35mALTER TABLE "posts" ADD "image_updated_at" datetime[0m
  [1m[35mSQL (0.2ms)[0m  [1m[32mINSERT INTO "schema_migrations" ("version") VALUES (?)[0m  [["version", "20170210033526"]]
  [1m[35m (0.9ms)[0m  [1m[36mcommit transaction[0m
  [1m[36mActiveRecord::InternalMetadata Load (0.1ms)[0m  [1m[34mSELECT  "ar_internal_metadata".* FROM "ar_internal_metadata" WHERE "ar_internal_metadata"."key" = ? LIMIT ?[0m  [["key", :environment], ["LIMIT", 1]]
  [1m[35m (0.1ms)[0m  [1m[36mbegin transaction[0m
  [1m[35m (0.1ms)[0m  [1m[36mcommit transaction[0m
  [1m[36mActiveRecord::SchemaMigration Load (0.1ms)[0m  [1m[34mSELECT "schema_migrations".* FROM "schema_migrations"[0m
  [1m[35m (0.1ms)[0m  [1m[34m            SELECT sql
            FROM sqlite_master
            WHERE name='index_users_on_reset_password_token' AND type='index'
            UNION ALL
            SELECT sql
            FROM sqlite_temp_master
            WHERE name='index_users_on_reset_password_token' AND type='index'
[0m
  [1m[35m (0.2ms)[0m  [1m[34m            SELECT sql
            FROM sqlite_master
            WHERE name='index_users_on_email' AND type='index'
            UNION ALL
            SELECT sql
            FROM sqlite_temp_master
            WHERE name='index_users_on_email' AND type='index'
[0m
Started GET "/" for 127.0.0.1 at 2017-02-09 19:35:46 -0800
  [1m[36mActiveRecord::SchemaMigration Load (0.1ms)[0m  [1m[34mSELECT "schema_migrations".* FROM "schema_migrations"[0m
Processing by PostsController#index as HTML
  Rendering posts/index.html.erb within layouts/application
  Rendered posts/index.html.erb within layouts/application (1.5ms)
  [1m[36mUser Load (0.3ms)[0m  [1m[34mSELECT  "users".* FROM "users" WHERE "users"."id" = ? ORDER BY "users"."id" ASC LIMIT ?[0m  [["id", 1], ["LIMIT", 1]]
Completed 200 OK in 384ms (Views: 370.5ms | ActiveRecord: 0.9ms)


Started GET "/" for 127.0.0.1 at 2017-02-09 19:35:47 -0800
Processing by PostsController#index as HTML
  Rendering posts/index.html.erb within layouts/application
  Rendered posts/index.html.erb within layouts/application (0.4ms)
  [1m[36mUser Load (0.2ms)[0m  [1m[34mSELECT  "users".* FROM "users" WHERE "users"."id" = ? ORDER BY "users"."id" ASC LIMIT ?[0m  [["id", 1], ["LIMIT", 1]]
Completed 200 OK in 69ms (Views: 66.3ms | ActiveRecord: 0.2ms)


Started DELETE "/users/sign_out" for 127.0.0.1 at 2017-02-09 19:35:48 -0800
Processing by Devise::SessionsController#destroy as HTML
  Parameters: {"authenticity_token"=>"DKL47RmomhGUhgIGOVhoz9k/BLySPlkA+yAs7mUxIYw1c5LkytX4gf+gkkjr44EV8UIwpPrRA/BY8rmRDzfLWQ=="}
  [1m[36mUser Load (0.2ms)[0m  [1m[34mSELECT  "users".* FROM "users" WHERE "users"."id" = ? ORDER BY "users"."id" ASC LIMIT ?[0m  [["id", 1], ["LIMIT", 1]]
  [1m[35m (0.1ms)[0m  [1m[36mbegin transaction[0m
  [1m[35m (0.1ms)[0m  [1m[36mcommit transaction[0m
Redirected to http://localhost:3000/
Completed 302 Found in 16ms (ActiveRecord: 0.3ms)


Started GET "/" for 127.0.0.1 at 2017-02-09 19:35:48 -0800
Processing by PostsController#index as HTML
  Rendering posts/index.html.erb within layouts/application
  Rendered posts/index.html.erb within layouts/application (0.4ms)
Completed 200 OK in 54ms (Views: 52.0ms | ActiveRecord: 0.0ms)


Started GET "/users/sign_in" for 127.0.0.1 at 2017-02-09 19:35:54 -0800
Processing by Devise::SessionsController#new as HTML
  Rendering /Users/cslaptop/.rvm/gems/ruby-2.4.0/gems/devise-4.2.0/app/views/devise/sessions/new.html.erb within layouts/application
  Rendered /Users/cslaptop/.rvm/gems/ruby-2.4.0/gems/devise-4.2.0/app/views/devise/shared/_links.html.erb (1.3ms)
  Rendered /Users/cslaptop/.rvm/gems/ruby-2.4.0/gems/devise-4.2.0/app/views/devise/sessions/new.html.erb within layouts/application (22.7ms)
Completed 200 OK in 88ms (Views: 85.0ms | ActiveRecord: 0.0ms)


Started POST "/users/sign_in" for 127.0.0.1 at 2017-02-09 19:36:00 -0800
Processing by Devise::SessionsController#create as HTML
  Parameters: {"utf8"=>"✓", "authenticity_token"=>"G2KS4XZMXuktWKuRcEHyWqJE+z3wY8uj7FFcKdd0rRwWJoE7307AkwFfwF2XfHAyQoxjH3sTlKSsblQiRXiDig==", "user"=>{"email"=>"samdow@gmail.com", "password"=>"[FILTERED]", "remember_me"=>"0"}, "commit"=>"Log in"}
  [1m[36mUser Load (0.3ms)[0m  [1m[34mSELECT  "users".* FROM "users" WHERE "users"."email" = ? ORDER BY "users"."id" ASC LIMIT ?[0m  [["email", "samdow@gmail.com"], ["LIMIT", 1]]
  [1m[35m (0.1ms)[0m  [1m[36mbegin transaction[0m
  [1m[35mSQL (0.5ms)[0m  [1m[33mUPDATE "users" SET "current_sign_in_at" = ?, "last_sign_in_at" = ?, "sign_in_count" = ?, "updated_at" = ? WHERE "users"."id" = ?[0m  [["current_sign_in_at", 2017-02-10 03:36:00 UTC], ["last_sign_in_at", 2017-02-10 03:32:13 UTC], ["sign_in_count", 8], ["updated_at", 2017-02-10 03:36:00 UTC], ["id", 1]]
  [1m[35m (0.8ms)[0m  [1m[36mcommit transaction[0m
Redirected to http://localhost:3000/
Completed 302 Found in 157ms (ActiveRecord: 1.6ms)


Started GET "/" for 127.0.0.1 at 2017-02-09 19:36:00 -0800
Processing by PostsController#index as HTML
  Rendering posts/index.html.erb within layouts/application
  Rendered posts/index.html.erb within layouts/application (0.3ms)
  [1m[36mUser Load (0.2ms)[0m  [1m[34mSELECT  "users".* FROM "users" WHERE "users"."id" = ? ORDER BY "users"."id" ASC LIMIT ?[0m  [["id", 1], ["LIMIT", 1]]
Completed 200 OK in 51ms (Views: 48.9ms | ActiveRecord: 0.2ms)


Started GET "/" for 127.0.0.1 at 2017-02-09 19:36:02 -0800
Processing by PostsController#index as HTML
  Rendering posts/index.html.erb within layouts/application
  Rendered posts/index.html.erb within layouts/application (0.4ms)
  [1m[36mUser Load (0.2ms)[0m  [1m[34mSELECT  "users".* FROM "users" WHERE "users"."id" = ? ORDER BY "users"."id" ASC LIMIT ?[0m  [["id", 1], ["LIMIT", 1]]
Completed 200 OK in 50ms (Views: 47.7ms | ActiveRecord: 0.2ms)


Started GET "/" for 127.0.0.1 at 2017-02-09 19:40:10 -0800
Processing by PostsController#index as HTML
  Rendering posts/index.html.erb within layouts/application
  Rendered posts/index.html.erb within layouts/application (1.1ms)
  [1m[36mUser Load (0.3ms)[0m  [1m[34mSELECT  "users".* FROM "users" WHERE "users"."id" = ? ORDER BY "users"."id" ASC LIMIT ?[0m  [["id", 1], ["LIMIT", 1]]
Completed 200 OK in 136ms (Views: 129.5ms | ActiveRecord: 2.3ms)


Started GET "/posts/new" for 127.0.0.1 at 2017-02-09 19:40:11 -0800
Processing by PostsController#new as HTML
Completed 500 Internal Server Error in 46ms (ActiveRecord: 0.3ms)


  
NoMethodError (undefined method `before_avatar_post_process' for #<Class:0x007fa031a01a08>
Did you mean?  before_post_process
               before_image_post_process):
  
app/models/post.rb:3:in `<class:Post>'
app/models/post.rb:1:in `<top (required)>'
app/controllers/posts_controller.rb:3:in `new'
  Rendering /Users/cslaptop/.rvm/gems/ruby-2.4.0/gems/actionpack-5.0.1/lib/action_dispatch/middleware/templates/rescues/diagnostics.html.erb within rescues/layout
  Rendering /Users/cslaptop/.rvm/gems/ruby-2.4.0/gems/actionpack-5.0.1/lib/action_dispatch/middleware/templates/rescues/_source.html.erb
  Rendered /Users/cslaptop/.rvm/gems/ruby-2.4.0/gems/actionpack-5.0.1/lib/action_dispatch/middleware/templates/rescues/_source.html.erb (5.5ms)
  Rendering /Users/cslaptop/.rvm/gems/ruby-2.4.0/gems/actionpack-5.0.1/lib/action_dispatch/middleware/templates/rescues/_trace.html.erb
  Rendered /Users/cslaptop/.rvm/gems/ruby-2.4.0/gems/actionpack-5.0.1/lib/action_dispatch/middleware/templates/rescues/_trace.html.erb (2.4ms)
  Rendering /Users/cslaptop/.rvm/gems/ruby-2.4.0/gems/actionpack-5.0.1/lib/action_dispatch/middleware/templates/rescues/_request_and_response.html.erb
  Rendered /Users/cslaptop/.rvm/gems/ruby-2.4.0/gems/actionpack-5.0.1/lib/action_dispatch/middleware/templates/rescues/_request_and_response.html.erb (1.0ms)
  Rendered /Users/cslaptop/.rvm/gems/ruby-2.4.0/gems/actionpack-5.0.1/lib/action_dispatch/middleware/templates/rescues/diagnostics.html.erb within rescues/layout (80.7ms)
Started GET "/posts/new" for 127.0.0.1 at 2017-02-09 19:41:08 -0800
Processing by PostsController#new as HTML
  Rendering posts/new.html.erb within layouts/application
  Rendered posts/new.html.erb within layouts/application (0.7ms)
Completed 500 Internal Server Error in 19ms (ActiveRecord: 0.7ms)


  
SyntaxError (/Users/cslaptop/Documents/instagram_app/app/views/posts/new.html.erb:4: syntax error, unexpected tIDENTIFIER, expecting keyword_end
r.append=  form_for @post html: { multipart: true } do |f| @
                              ^
/Users/cslaptop/Documents/instagram_app/app/views/posts/new.html.erb:4: syntax error, unexpected keyword_do_block, expecting keyword_end
t html: { multipart: true } do |f| @output_buffer.safe_appen
                              ^
/Users/cslaptop/Documents/instagram_app/app/views/posts/new.html.erb:15: syntax error, unexpected keyword_ensure, expecting end-of-input
          ensure
                ^):
  
app/views/posts/new.html.erb:4: syntax error, unexpected tIDENTIFIER, expecting keyword_end
app/views/posts/new.html.erb:4: syntax error, unexpected keyword_do_block, expecting keyword_end
app/views/posts/new.html.erb:15: syntax error, unexpected keyword_ensure, expecting end-of-input
  Rendering /Users/cslaptop/.rvm/gems/ruby-2.4.0/gems/actionpack-5.0.1/lib/action_dispatch/middleware/templates/rescues/diagnostics.html.erb within rescues/layout
  Rendering /Users/cslaptop/.rvm/gems/ruby-2.4.0/gems/actionpack-5.0.1/lib/action_dispatch/middleware/templates/rescues/_source.html.erb
  Rendered /Users/cslaptop/.rvm/gems/ruby-2.4.0/gems/actionpack-5.0.1/lib/action_dispatch/middleware/templates/rescues/_source.html.erb (6.7ms)
  Rendering /Users/cslaptop/.rvm/gems/ruby-2.4.0/gems/actionpack-5.0.1/lib/action_dispatch/middleware/templates/rescues/_trace.html.erb
  Rendered /Users/cslaptop/.rvm/gems/ruby-2.4.0/gems/actionpack-5.0.1/lib/action_dispatch/middleware/templates/rescues/_trace.html.erb (2.4ms)
  Rendering /Users/cslaptop/.rvm/gems/ruby-2.4.0/gems/actionpack-5.0.1/lib/action_dispatch/middleware/templates/rescues/_request_and_response.html.erb
  Rendered /Users/cslaptop/.rvm/gems/ruby-2.4.0/gems/actionpack-5.0.1/lib/action_dispatch/middleware/templates/rescues/_request_and_response.html.erb (1.1ms)
  Rendered /Users/cslaptop/.rvm/gems/ruby-2.4.0/gems/actionpack-5.0.1/lib/action_dispatch/middleware/templates/rescues/diagnostics.html.erb within rescues/layout (88.4ms)
Started GET "/posts/new" for 127.0.0.1 at 2017-02-09 19:41:30 -0800
Processing by PostsController#new as HTML
  Rendering posts/new.html.erb within layouts/application
  Rendered posts/new.html.erb within layouts/application (6.0ms)
  [1m[36mUser Load (0.4ms)[0m  [1m[34mSELECT  "users".* FROM "users" WHERE "users"."id" = ? ORDER BY "users"."id" ASC LIMIT ?[0m  [["id", 1], ["LIMIT", 1]]
Completed 200 OK in 84ms (Views: 81.1ms | ActiveRecord: 1.0ms)


Started DELETE "/users/sign_out" for 127.0.0.1 at 2017-02-09 19:41:34 -0800
Processing by Devise::SessionsController#destroy as HTML
  Parameters: {"authenticity_token"=>"6OIHL0vvmqbb3QkPwO4MkEMiYScWDvFwm7L+/MKQqiEcM1LKZoSi6Q9rXTaG+LWWIZXwZ87Z83uZQ2ruYNuA+Q=="}
  [1m[36mUser Load (0.2ms)[0m  [1m[34mSELECT  "users".* FROM "users" WHERE "users"."id" = ? ORDER BY "users"."id" ASC LIMIT ?[0m  [["id", 1], ["LIMIT", 1]]
  [1m[35m (0.1ms)[0m  [1m[36mbegin transaction[0m
  [1m[35m (0.0ms)[0m  [1m[36mcommit transaction[0m
Redirected to http://localhost:3000/
Completed 302 Found in 5ms (ActiveRecord: 0.3ms)


Started GET "/" for 127.0.0.1 at 2017-02-09 19:41:34 -0800
Processing by PostsController#index as HTML
  Rendering posts/index.html.erb within layouts/application
  Rendered posts/index.html.erb within layouts/application (0.3ms)
Completed 200 OK in 49ms (Views: 46.6ms | ActiveRecord: 0.0ms)


Started GET "/users/sign_in" for 127.0.0.1 at 2017-02-09 19:41:37 -0800
Processing by Devise::SessionsController#new as HTML
  Rendering /Users/cslaptop/.rvm/gems/ruby-2.4.0/gems/devise-4.2.0/app/views/devise/sessions/new.html.erb within layouts/application
  Rendered /Users/cslaptop/.rvm/gems/ruby-2.4.0/gems/devise-4.2.0/app/views/devise/shared/_links.html.erb (1.2ms)
  Rendered /Users/cslaptop/.rvm/gems/ruby-2.4.0/gems/devise-4.2.0/app/views/devise/sessions/new.html.erb within layouts/application (7.5ms)
Completed 200 OK in 70ms (Views: 68.6ms | ActiveRecord: 0.0ms)


Started POST "/users/sign_in" for 127.0.0.1 at 2017-02-09 19:41:44 -0800
Processing by Devise::SessionsController#create as HTML
  Parameters: {"utf8"=>"✓", "authenticity_token"=>"BDePbnycl9sQOJ+7lpQAxKCUtxf9XgwunZ04IDsVbB0GfCHfceqVE8fSTy1+X/qWxee5Kb9ThwxlUVZdkFfwBw==", "user"=>{"email"=>"samdow@gmail.com", "password"=>"[FILTERED]", "remember_me"=>"0"}, "commit"=>"Log in"}
  [1m[36mUser Load (0.2ms)[0m  [1m[34mSELECT  "users".* FROM "users" WHERE "users"."email" = ? ORDER BY "users"."id" ASC LIMIT ?[0m  [["email", "samdow@gmail.com"], ["LIMIT", 1]]
  [1m[35m (0.1ms)[0m  [1m[36mbegin transaction[0m
  [1m[35mSQL (0.4ms)[0m  [1m[33mUPDATE "users" SET "current_sign_in_at" = ?, "last_sign_in_at" = ?, "sign_in_count" = ?, "updated_at" = ? WHERE "users"."id" = ?[0m  [["current_sign_in_at", 2017-02-10 03:41:44 UTC], ["last_sign_in_at", 2017-02-10 03:36:00 UTC], ["sign_in_count", 9], ["updated_at", 2017-02-10 03:41:44 UTC], ["id", 1]]
  [1m[35m (0.8ms)[0m  [1m[36mcommit transaction[0m
Redirected to http://localhost:3000/
Completed 302 Found in 155ms (ActiveRecord: 1.5ms)


Started GET "/" for 127.0.0.1 at 2017-02-09 19:41:44 -0800
Processing by PostsController#index as HTML
  Rendering posts/index.html.erb within layouts/application
  Rendered posts/index.html.erb within layouts/application (0.3ms)
  [1m[36mUser Load (0.2ms)[0m  [1m[34mSELECT  "users".* FROM "users" WHERE "users"."id" = ? ORDER BY "users"."id" ASC LIMIT ?[0m  [["id", 1], ["LIMIT", 1]]
Completed 200 OK in 47ms (Views: 45.4ms | ActiveRecord: 0.2ms)


Started GET "/" for 127.0.0.1 at 2017-02-09 19:41:46 -0800
Processing by PostsController#index as HTML
  Rendering posts/index.html.erb within layouts/application
  Rendered posts/index.html.erb within layouts/application (0.3ms)
  [1m[36mUser Load (0.2ms)[0m  [1m[34mSELECT  "users".* FROM "users" WHERE "users"."id" = ? ORDER BY "users"."id" ASC LIMIT ?[0m  [["id", 1], ["LIMIT", 1]]
Completed 200 OK in 50ms (Views: 47.8ms | ActiveRecord: 0.2ms)


Started GET "/posts/new" for 127.0.0.1 at 2017-02-09 19:41:47 -0800
Processing by PostsController#new as HTML
  Rendering posts/new.html.erb within layouts/application
  Rendered posts/new.html.erb within layouts/application (1.9ms)
  [1m[36mUser Load (0.2ms)[0m  [1m[34mSELECT  "users".* FROM "users" WHERE "users"."id" = ? ORDER BY "users"."id" ASC LIMIT ?[0m  [["id", 1], ["LIMIT", 1]]
Completed 200 OK in 62ms (Views: 58.9ms | ActiveRecord: 0.2ms)


Started GET "/posts/new" for 127.0.0.1 at 2017-02-09 19:45:37 -0800
Processing by PostsController#new as HTML
  Rendering posts/new.html.erb within layouts/application
  Rendered posts/new.html.erb within layouts/application (2.2ms)
  [1m[36mUser Load (0.2ms)[0m  [1m[34mSELECT  "users".* FROM "users" WHERE "users"."id" = ? ORDER BY "users"."id" ASC LIMIT ?[0m  [["id", 1], ["LIMIT", 1]]
Completed 200 OK in 92ms (Views: 76.1ms | ActiveRecord: 1.7ms)


Started POST "/posts" for 127.0.0.1 at 2017-02-09 19:47:43 -0800
Processing by PostsController#create as HTML
  Parameters: {"utf8"=>"✓", "authenticity_token"=>"2uM5izUwLhS3MS3JJ0oz92Kt4M9QiJb6uC5WHgOoJRojbEARv4hBuTteOMG3ZWbVwUDve9h/Ds5ofc0dLTQp8Q==", "post"=>{"image"=>#<ActionDispatch::Http::UploadedFile:0x007fa031c28ed0 @tempfile=#<Tempfile:/var/folders/c_/r9kf1xm96s76v14m_5js06cc0000gn/T/RackMultipart20170209-54615-gh6nfm.jpg>, @original_filename="instagram_test.jpg", @content_type="image/jpeg", @headers="Content-Disposition: form-data; name=\"post[image]\"; filename=\"instagram_test.jpg\"\r\nContent-Type: image/jpeg\r\n">, "description"=>"Yo grutors"}, "commit"=>"Create Post"}
Command :: file -b --mime '/var/folders/c_/r9kf1xm96s76v14m_5js06cc0000gn/T/05e9eab600b7849469fb4661793b64e820170209-54615-1h3j67f.jpg'
Command :: identify -format '%wx%h,%[exif:orientation]' '/var/folders/c_/r9kf1xm96s76v14m_5js06cc0000gn/T/05e9eab600b7849469fb4661793b64e820170209-54615-1ts8gjx.jpg[0]' 2>/dev/null
Completed 500 Internal Server Error in 57ms (ActiveRecord: 0.0ms)


  
Paperclip::Errors::CommandNotFoundError (Could not run the `identify` command. Please install ImageMagick.):
  
app/controllers/posts_controller.rb:13:in `create'
  Rendering /Users/cslaptop/.rvm/gems/ruby-2.4.0/gems/actionpack-5.0.1/lib/action_dispatch/middleware/templates/rescues/diagnostics.html.erb within rescues/layout
  Rendering /Users/cslaptop/.rvm/gems/ruby-2.4.0/gems/actionpack-5.0.1/lib/action_dispatch/middleware/templates/rescues/_source.html.erb
  Rendered /Users/cslaptop/.rvm/gems/ruby-2.4.0/gems/actionpack-5.0.1/lib/action_dispatch/middleware/templates/rescues/_source.html.erb (6.1ms)
  Rendering /Users/cslaptop/.rvm/gems/ruby-2.4.0/gems/actionpack-5.0.1/lib/action_dispatch/middleware/templates/rescues/_trace.html.erb
  Rendered /Users/cslaptop/.rvm/gems/ruby-2.4.0/gems/actionpack-5.0.1/lib/action_dispatch/middleware/templates/rescues/_trace.html.erb (2.8ms)
  Rendering /Users/cslaptop/.rvm/gems/ruby-2.4.0/gems/actionpack-5.0.1/lib/action_dispatch/middleware/templates/rescues/_request_and_response.html.erb
  Rendered /Users/cslaptop/.rvm/gems/ruby-2.4.0/gems/actionpack-5.0.1/lib/action_dispatch/middleware/templates/rescues/_request_and_response.html.erb (1.5ms)
  Rendered /Users/cslaptop/.rvm/gems/ruby-2.4.0/gems/actionpack-5.0.1/lib/action_dispatch/middleware/templates/rescues/diagnostics.html.erb within rescues/layout (75.7ms)
Started GET "/posts/new" for 127.0.0.1 at 2017-02-09 19:49:59 -0800
  [1m[36mActiveRecord::SchemaMigration Load (0.2ms)[0m  [1m[34mSELECT "schema_migrations".* FROM "schema_migrations"[0m
Processing by PostsController#new as HTML
  Rendering posts/new.html.erb within layouts/application
  Rendered posts/new.html.erb within layouts/application (30.5ms)
  [1m[36mUser Load (0.3ms)[0m  [1m[34mSELECT  "users".* FROM "users" WHERE "users"."id" = ? ORDER BY "users"."id" ASC LIMIT ?[0m  [["id", 1], ["LIMIT", 1]]
Completed 200 OK in 417ms (Views: 391.4ms | ActiveRecord: 1.8ms)


Started POST "/posts" for 127.0.0.1 at 2017-02-09 19:50:07 -0800
Processing by PostsController#create as HTML
  Parameters: {"utf8"=>"✓", "authenticity_token"=>"8ze3vB8EInjbepxq58mw0Zy1RSL75qHvL9gXOOq79msKuM4mlbxN1VcViWJ35uXzP1hKlnMROdv/i4w7xCf6gA==", "post"=>{"image"=>#<ActionDispatch::Http::UploadedFile:0x007f84cab10480 @tempfile=#<Tempfile:/var/folders/c_/r9kf1xm96s76v14m_5js06cc0000gn/T/RackMultipart20170209-55496-1jbma8r.jpg>, @original_filename="instagram_test.jpg", @content_type="image/jpeg", @headers="Content-Disposition: form-data; name=\"post[image]\"; filename=\"instagram_test.jpg\"\r\nContent-Type: image/jpeg\r\n">, "description"=>"Yo grutors"}, "commit"=>"Create Post"}
Command :: file -b --mime '/var/folders/c_/r9kf1xm96s76v14m_5js06cc0000gn/T/05e9eab600b7849469fb4661793b64e820170209-55496-1uguzey.jpg'
Command :: identify -format '%wx%h,%[exif:orientation]' '/var/folders/c_/r9kf1xm96s76v14m_5js06cc0000gn/T/05e9eab600b7849469fb4661793b64e820170209-55496-1efzbp0.jpg[0]' 2>/dev/null
Command :: identify -format %m '/var/folders/c_/r9kf1xm96s76v14m_5js06cc0000gn/T/05e9eab600b7849469fb4661793b64e820170209-55496-1efzbp0.jpg[0]'
Command :: convert '/var/folders/c_/r9kf1xm96s76v14m_5js06cc0000gn/T/05e9eab600b7849469fb4661793b64e820170209-55496-1efzbp0.jpg[0]' -auto-orient -resize "500x500>" '/var/folders/c_/r9kf1xm96s76v14m_5js06cc0000gn/T/ca7fe97c590315652891b6f1be8d6eaa20170209-55496-mez3os'
Command :: identify -format '%wx%h,%[exif:orientation]' '/var/folders/c_/r9kf1xm96s76v14m_5js06cc0000gn/T/05e9eab600b7849469fb4661793b64e820170209-55496-1efzbp0.jpg[0]' 2>/dev/null
Command :: identify -format %m '/var/folders/c_/r9kf1xm96s76v14m_5js06cc0000gn/T/05e9eab600b7849469fb4661793b64e820170209-55496-1efzbp0.jpg[0]'
Command :: convert '/var/folders/c_/r9kf1xm96s76v14m_5js06cc0000gn/T/05e9eab600b7849469fb4661793b64e820170209-55496-1efzbp0.jpg[0]' -auto-orient -resize "100x100>" '/var/folders/c_/r9kf1xm96s76v14m_5js06cc0000gn/T/ca7fe97c590315652891b6f1be8d6eaa20170209-55496-oxzu2z'
  [1m[35m (0.1ms)[0m  [1m[36mbegin transaction[0m
Command :: file -b --mime '/var/folders/c_/r9kf1xm96s76v14m_5js06cc0000gn/T/05e9eab600b7849469fb4661793b64e820170209-55496-1k60hn4.jpg'
  [1m[35mSQL (0.5ms)[0m  [1m[32mINSERT INTO "posts" ("description", "created_at", "updated_at", "image_file_name", "image_content_type", "image_file_size", "image_updated_at") VALUES (?, ?, ?, ?, ?, ?, ?)[0m  [["description", "Yo grutors"], ["created_at", 2017-02-10 03:50:08 UTC], ["updated_at", 2017-02-10 03:50:08 UTC], ["image_file_name", "instagram_test.jpg"], ["image_content_type", "image/jpeg"], ["image_file_size", 195694], ["image_updated_at", 2017-02-10 03:50:07 UTC]]
  [1m[35m (0.9ms)[0m  [1m[36mcommit transaction[0m
Completed 500 Internal Server Error in 420ms (ActiveRecord: 1.6ms)


  
NoMethodError (undefined method `redirect_to_post_path' for #<PostsController:0x007f84cab10e30>
Did you mean?  redirect_to):
  
app/controllers/posts_controller.rb:16:in `create'
  Rendering /Users/cslaptop/.rvm/gems/ruby-2.4.0/gems/actionpack-5.0.1/lib/action_dispatch/middleware/templates/rescues/diagnostics.html.erb within rescues/layout
  Rendering /Users/cslaptop/.rvm/gems/ruby-2.4.0/gems/actionpack-5.0.1/lib/action_dispatch/middleware/templates/rescues/_source.html.erb
  Rendered /Users/cslaptop/.rvm/gems/ruby-2.4.0/gems/actionpack-5.0.1/lib/action_dispatch/middleware/templates/rescues/_source.html.erb (4.5ms)
  Rendering /Users/cslaptop/.rvm/gems/ruby-2.4.0/gems/actionpack-5.0.1/lib/action_dispatch/middleware/templates/rescues/_trace.html.erb
  Rendered /Users/cslaptop/.rvm/gems/ruby-2.4.0/gems/actionpack-5.0.1/lib/action_dispatch/middleware/templates/rescues/_trace.html.erb (2.2ms)
  Rendering /Users/cslaptop/.rvm/gems/ruby-2.4.0/gems/actionpack-5.0.1/lib/action_dispatch/middleware/templates/rescues/_request_and_response.html.erb
  Rendered /Users/cslaptop/.rvm/gems/ruby-2.4.0/gems/actionpack-5.0.1/lib/action_dispatch/middleware/templates/rescues/_request_and_response.html.erb (1.6ms)
  Rendered /Users/cslaptop/.rvm/gems/ruby-2.4.0/gems/actionpack-5.0.1/lib/action_dispatch/middleware/templates/rescues/diagnostics.html.erb within rescues/layout (120.8ms)
Started POST "/posts" for 127.0.0.1 at 2017-02-09 19:50:36 -0800
Processing by PostsController#create as HTML
  Parameters: {"utf8"=>"✓", "authenticity_token"=>"8ze3vB8EInjbepxq58mw0Zy1RSL75qHvL9gXOOq79msKuM4mlbxN1VcViWJ35uXzP1hKlnMROdv/i4w7xCf6gA==", "post"=>{"image"=>#<ActionDispatch::Http::UploadedFile:0x007f84c9988e10 @tempfile=#<Tempfile:/var/folders/c_/r9kf1xm96s76v14m_5js06cc0000gn/T/RackMultipart20170209-55496-sr65w9.jpg>, @original_filename="instagram_test.jpg", @content_type="image/jpeg", @headers="Content-Disposition: form-data; name=\"post[image]\"; filename=\"instagram_test.jpg\"\r\nContent-Type: image/jpeg\r\n">, "description"=>"Yo grutors"}, "commit"=>"Create Post"}
Command :: file -b --mime '/var/folders/c_/r9kf1xm96s76v14m_5js06cc0000gn/T/05e9eab600b7849469fb4661793b64e820170209-55496-1rhqzgi.jpg'
Command :: identify -format '%wx%h,%[exif:orientation]' '/var/folders/c_/r9kf1xm96s76v14m_5js06cc0000gn/T/05e9eab600b7849469fb4661793b64e820170209-55496-172w1s3.jpg[0]' 2>/dev/null
Command :: identify -format %m '/var/folders/c_/r9kf1xm96s76v14m_5js06cc0000gn/T/05e9eab600b7849469fb4661793b64e820170209-55496-172w1s3.jpg[0]'
Command :: convert '/var/folders/c_/r9kf1xm96s76v14m_5js06cc0000gn/T/05e9eab600b7849469fb4661793b64e820170209-55496-172w1s3.jpg[0]' -auto-orient -resize "500x500>" '/var/folders/c_/r9kf1xm96s76v14m_5js06cc0000gn/T/5698be315c16166bc2a6b712679ba6bf20170209-55496-akv8p1'
Command :: identify -format '%wx%h,%[exif:orientation]' '/var/folders/c_/r9kf1xm96s76v14m_5js06cc0000gn/T/05e9eab600b7849469fb4661793b64e820170209-55496-172w1s3.jpg[0]' 2>/dev/null
Command :: identify -format %m '/var/folders/c_/r9kf1xm96s76v14m_5js06cc0000gn/T/05e9eab600b7849469fb4661793b64e820170209-55496-172w1s3.jpg[0]'
Command :: convert '/var/folders/c_/r9kf1xm96s76v14m_5js06cc0000gn/T/05e9eab600b7849469fb4661793b64e820170209-55496-172w1s3.jpg[0]' -auto-orient -resize "100x100>" '/var/folders/c_/r9kf1xm96s76v14m_5js06cc0000gn/T/5698be315c16166bc2a6b712679ba6bf20170209-55496-ip9vto'
  [1m[35m (0.2ms)[0m  [1m[36mbegin transaction[0m
Command :: file -b --mime '/var/folders/c_/r9kf1xm96s76v14m_5js06cc0000gn/T/05e9eab600b7849469fb4661793b64e820170209-55496-1n0exhi.jpg'
  [1m[35mSQL (0.5ms)[0m  [1m[32mINSERT INTO "posts" ("description", "created_at", "updated_at", "image_file_name", "image_content_type", "image_file_size", "image_updated_at") VALUES (?, ?, ?, ?, ?, ?, ?)[0m  [["description", "Yo grutors"], ["created_at", 2017-02-10 03:50:37 UTC], ["updated_at", 2017-02-10 03:50:37 UTC], ["image_file_name", "instagram_test.jpg"], ["image_content_type", "image/jpeg"], ["image_file_size", 195694], ["image_updated_at", 2017-02-10 03:50:36 UTC]]
  [1m[35m (1.0ms)[0m  [1m[36mcommit transaction[0m
Redirected to http://localhost:3000/posts/2
Completed 302 Found in 380ms (ActiveRecord: 2.3ms)


Started GET "/posts/2" for 127.0.0.1 at 2017-02-09 19:50:37 -0800
Processing by PostsController#show as HTML
  Parameters: {"id"=>"2"}
  Rendering posts/show.html.erb within layouts/application
  Rendered posts/show.html.erb within layouts/application (1.2ms)
  [1m[36mUser Load (0.3ms)[0m  [1m[34mSELECT  "users".* FROM "users" WHERE "users"."id" = ? ORDER BY "users"."id" ASC LIMIT ?[0m  [["id", 1], ["LIMIT", 1]]
Completed 200 OK in 102ms (Views: 98.7ms | ActiveRecord: 0.9ms)


Started GET "/" for 127.0.0.1 at 2017-02-09 19:50:39 -0800
Processing by PostsController#index as HTML
  Rendering posts/index.html.erb within layouts/application
  Rendered posts/index.html.erb within layouts/application (0.3ms)
  [1m[36mUser Load (0.2ms)[0m  [1m[34mSELECT  "users".* FROM "users" WHERE "users"."id" = ? ORDER BY "users"."id" ASC LIMIT ?[0m  [["id", 1], ["LIMIT", 1]]
Completed 200 OK in 52ms (Views: 49.7ms | ActiveRecord: 0.2ms)


Started GET "/" for 127.0.0.1 at 2017-02-09 19:52:17 -0800
Processing by PostsController#index as HTML
  Rendering posts/index.html.erb within layouts/application
  Rendered posts/index.html.erb within layouts/application (0.4ms)
  [1m[36mUser Load (0.2ms)[0m  [1m[34mSELECT  "users".* FROM "users" WHERE "users"."id" = ? ORDER BY "users"."id" ASC LIMIT ?[0m  [["id", 1], ["LIMIT", 1]]
Completed 200 OK in 78ms (Views: 74.5ms | ActiveRecord: 0.9ms)


Started GET "/" for 127.0.0.1 at 2017-02-09 19:52:31 -0800
Processing by PostsController#index as HTML
  Rendering posts/index.html.erb within layouts/application
  Rendered posts/index.html.erb within layouts/application (0.4ms)
  [1m[36mUser Load (0.1ms)[0m  [1m[34mSELECT  "users".* FROM "users" WHERE "users"."id" = ? ORDER BY "users"."id" ASC LIMIT ?[0m  [["id", 1], ["LIMIT", 1]]
Completed 200 OK in 64ms (Views: 61.4ms | ActiveRecord: 0.8ms)


Started GET "/" for 127.0.0.1 at 2017-02-09 19:52:33 -0800
Processing by PostsController#index as HTML
  Rendering posts/index.html.erb within layouts/application
  Rendered posts/index.html.erb within layouts/application (0.4ms)
  [1m[36mUser Load (0.2ms)[0m  [1m[34mSELECT  "users".* FROM "users" WHERE "users"."id" = ? ORDER BY "users"."id" ASC LIMIT ?[0m  [["id", 1], ["LIMIT", 1]]
Completed 200 OK in 52ms (Views: 49.7ms | ActiveRecord: 0.2ms)


Started GET "/posts/new" for 127.0.0.1 at 2017-02-09 19:52:33 -0800
Processing by PostsController#new as HTML
  Rendering posts/new.html.erb within layouts/application
  Rendered posts/new.html.erb within layouts/application (2.5ms)
  [1m[36mUser Load (0.2ms)[0m  [1m[34mSELECT  "users".* FROM "users" WHERE "users"."id" = ? ORDER BY "users"."id" ASC LIMIT ?[0m  [["id", 1], ["LIMIT", 1]]
Completed 200 OK in 76ms (Views: 54.6ms | ActiveRecord: 0.7ms)


Started GET "/" for 127.0.0.1 at 2017-02-09 19:52:34 -0800
Processing by PostsController#index as HTML
  Rendering posts/index.html.erb within layouts/application
  Rendered posts/index.html.erb within layouts/application (0.5ms)
  [1m[36mUser Load (0.3ms)[0m  [1m[34mSELECT  "users".* FROM "users" WHERE "users"."id" = ? ORDER BY "users"."id" ASC LIMIT ?[0m  [["id", 1], ["LIMIT", 1]]
Completed 200 OK in 76ms (Views: 73.3ms | ActiveRecord: 0.3ms)


Started GET "/posts/new" for 127.0.0.1 at 2017-02-09 19:52:35 -0800
Processing by PostsController#new as HTML
  Rendering posts/new.html.erb within layouts/application
  Rendered posts/new.html.erb within layouts/application (2.1ms)
  [1m[36mUser Load (0.2ms)[0m  [1m[34mSELECT  "users".* FROM "users" WHERE "users"."id" = ? ORDER BY "users"."id" ASC LIMIT ?[0m  [["id", 1], ["LIMIT", 1]]
Completed 200 OK in 60ms (Views: 57.2ms | ActiveRecord: 0.2ms)


Started POST "/posts" for 127.0.0.1 at 2017-02-09 19:52:42 -0800
Processing by PostsController#create as HTML
  Parameters: {"utf8"=>"✓", "authenticity_token"=>"1FmPjXq/eEEenu3YidLpKfhc4swF4QunrgI9kpVssXc80J3NV6R0wTU9oGqVmAPqEj6uHVNSngGCK9dO0g+/BQ==", "post"=>{"image"=>#<ActionDispatch::Http::UploadedFile:0x007f84c7bc9848 @tempfile=#<Tempfile:/var/folders/c_/r9kf1xm96s76v14m_5js06cc0000gn/T/RackMultipart20170209-55496-2kb0mx.jpg>, @original_filename="instagram_test.jpg", @content_type="image/jpeg", @headers="Content-Disposition: form-data; name=\"post[image]\"; filename=\"instagram_test.jpg\"\r\nContent-Type: image/jpeg\r\n">, "description"=>"Test2"}, "commit"=>"Create Post"}
Command :: file -b --mime '/var/folders/c_/r9kf1xm96s76v14m_5js06cc0000gn/T/05e9eab600b7849469fb4661793b64e820170209-55496-jao0y6.jpg'
Command :: identify -format '%wx%h,%[exif:orientation]' '/var/folders/c_/r9kf1xm96s76v14m_5js06cc0000gn/T/05e9eab600b7849469fb4661793b64e820170209-55496-j9e81c.jpg[0]' 2>/dev/null
Command :: identify -format %m '/var/folders/c_/r9kf1xm96s76v14m_5js06cc0000gn/T/05e9eab600b7849469fb4661793b64e820170209-55496-j9e81c.jpg[0]'
Command :: convert '/var/folders/c_/r9kf1xm96s76v14m_5js06cc0000gn/T/05e9eab600b7849469fb4661793b64e820170209-55496-j9e81c.jpg[0]' -auto-orient -resize "500x500>" '/var/folders/c_/r9kf1xm96s76v14m_5js06cc0000gn/T/e1790f855aa75be2c62a5a3ce90207d220170209-55496-90qwfs'
Command :: identify -format '%wx%h,%[exif:orientation]' '/var/folders/c_/r9kf1xm96s76v14m_5js06cc0000gn/T/05e9eab600b7849469fb4661793b64e820170209-55496-j9e81c.jpg[0]' 2>/dev/null
Command :: identify -format %m '/var/folders/c_/r9kf1xm96s76v14m_5js06cc0000gn/T/05e9eab600b7849469fb4661793b64e820170209-55496-j9e81c.jpg[0]'
Command :: convert '/var/folders/c_/r9kf1xm96s76v14m_5js06cc0000gn/T/05e9eab600b7849469fb4661793b64e820170209-55496-j9e81c.jpg[0]' -auto-orient -resize "100x100>" '/var/folders/c_/r9kf1xm96s76v14m_5js06cc0000gn/T/e1790f855aa75be2c62a5a3ce90207d220170209-55496-1fly649'
  [1m[35m (0.1ms)[0m  [1m[36mbegin transaction[0m
Command :: file -b --mime '/var/folders/c_/r9kf1xm96s76v14m_5js06cc0000gn/T/05e9eab600b7849469fb4661793b64e820170209-55496-gogzr9.jpg'
  [1m[35mSQL (0.6ms)[0m  [1m[32mINSERT INTO "posts" ("description", "created_at", "updated_at", "image_file_name", "image_content_type", "image_file_size", "image_updated_at") VALUES (?, ?, ?, ?, ?, ?, ?)[0m  [["description", "Test2"], ["created_at", 2017-02-10 03:52:42 UTC], ["updated_at", 2017-02-10 03:52:42 UTC], ["image_file_name", "instagram_test.jpg"], ["image_content_type", "image/jpeg"], ["image_file_size", 195694], ["image_updated_at", 2017-02-10 03:52:42 UTC]]
  [1m[35m (0.9ms)[0m  [1m[36mcommit transaction[0m
Redirected to http://localhost:3000/posts/3
Completed 302 Found in 389ms (ActiveRecord: 1.6ms)


Started GET "/posts/3" for 127.0.0.1 at 2017-02-09 19:52:42 -0800
Processing by PostsController#show as HTML
  Parameters: {"id"=>"3"}
  [1m[36mPost Load (0.3ms)[0m  [1m[34mSELECT  "posts".* FROM "posts" WHERE "posts"."id" = ? LIMIT ?[0m  [["id", 3], ["LIMIT", 1]]
  Rendering posts/show.html.erb within layouts/application
  Rendered posts/show.html.erb within layouts/application (1.3ms)
  [1m[36mUser Load (0.3ms)[0m  [1m[34mSELECT  "users".* FROM "users" WHERE "users"."id" = ? ORDER BY "users"."id" ASC LIMIT ?[0m  [["id", 1], ["LIMIT", 1]]
Completed 200 OK in 66ms (Views: 60.4ms | ActiveRecord: 0.5ms)


Started GET "/posts/3" for 127.0.0.1 at 2017-02-09 19:53:07 -0800
Processing by PostsController#show as HTML
  Parameters: {"id"=>"3"}
  [1m[36mPost Load (0.1ms)[0m  [1m[34mSELECT  "posts".* FROM "posts" WHERE "posts"."id" = ? LIMIT ?[0m  [["id", 3], ["LIMIT", 1]]
  Rendering posts/show.html.erb within layouts/application
  Rendered posts/show.html.erb within layouts/application (1.0ms)
  [1m[36mUser Load (0.2ms)[0m  [1m[34mSELECT  "users".* FROM "users" WHERE "users"."id" = ? ORDER BY "users"."id" ASC LIMIT ?[0m  [["id", 1], ["LIMIT", 1]]
Completed 200 OK in 66ms (Views: 63.3ms | ActiveRecord: 0.3ms)


Started GET "/posts/2" for 127.0.0.1 at 2017-02-09 19:53:13 -0800
Processing by PostsController#show as HTML
  Parameters: {"id"=>"2"}
  [1m[36mPost Load (0.1ms)[0m  [1m[34mSELECT  "posts".* FROM "posts" WHERE "posts"."id" = ? LIMIT ?[0m  [["id", 2], ["LIMIT", 1]]
  Rendering posts/show.html.erb within layouts/application
  Rendered posts/show.html.erb within layouts/application (0.9ms)
  [1m[36mUser Load (0.2ms)[0m  [1m[34mSELECT  "users".* FROM "users" WHERE "users"."id" = ? ORDER BY "users"."id" ASC LIMIT ?[0m  [["id", 1], ["LIMIT", 1]]
Completed 200 OK in 54ms (Views: 50.3ms | ActiveRecord: 0.3ms)


Started GET "/posts/1" for 127.0.0.1 at 2017-02-09 19:53:15 -0800
Processing by PostsController#show as HTML
  Parameters: {"id"=>"1"}
  [1m[36mPost Load (0.1ms)[0m  [1m[34mSELECT  "posts".* FROM "posts" WHERE "posts"."id" = ? LIMIT ?[0m  [["id", 1], ["LIMIT", 1]]
  Rendering posts/show.html.erb within layouts/application
  Rendered posts/show.html.erb within layouts/application (0.9ms)
  [1m[36mUser Load (0.2ms)[0m  [1m[34mSELECT  "users".* FROM "users" WHERE "users"."id" = ? ORDER BY "users"."id" ASC LIMIT ?[0m  [["id", 1], ["LIMIT", 1]]
Completed 200 OK in 54ms (Views: 51.6ms | ActiveRecord: 0.3ms)


Started GET "/" for 127.0.0.1 at 2017-02-09 19:54:07 -0800
Processing by PostsController#index as HTML
  Rendering posts/index.html.erb within layouts/application
  Rendered posts/index.html.erb within layouts/application (0.4ms)
  [1m[36mUser Load (0.2ms)[0m  [1m[34mSELECT  "users".* FROM "users" WHERE "users"."id" = ? ORDER BY "users"."id" ASC LIMIT ?[0m  [["id", 1], ["LIMIT", 1]]
Completed 200 OK in 52ms (Views: 48.9ms | ActiveRecord: 0.2ms)


Started GET "/posts/1" for 127.0.0.1 at 2017-02-09 19:54:13 -0800
Processing by PostsController#show as HTML
  Parameters: {"id"=>"1"}
  [1m[36mPost Load (0.1ms)[0m  [1m[34mSELECT  "posts".* FROM "posts" WHERE "posts"."id" = ? LIMIT ?[0m  [["id", 1], ["LIMIT", 1]]
  Rendering posts/show.html.erb within layouts/application
  Rendered posts/show.html.erb within layouts/application (0.9ms)
  [1m[36mUser Load (0.2ms)[0m  [1m[34mSELECT  "users".* FROM "users" WHERE "users"."id" = ? ORDER BY "users"."id" ASC LIMIT ?[0m  [["id", 1], ["LIMIT", 1]]
Completed 200 OK in 56ms (Views: 53.0ms | ActiveRecord: 0.3ms)


Started GET "/" for 127.0.0.1 at 2017-02-09 19:56:27 -0800
Processing by PostsController#index as HTML
  Rendering posts/index.html.erb within layouts/application
  Rendered posts/index.html.erb within layouts/application (2.8ms)
Completed 500 Internal Server Error in 19ms (ActiveRecord: 0.0ms)


  
ActionView::Template::Error (undefined method `each' for nil:NilClass):
    1: <% @post.each do |x| %>
    2: 	<div class = "white">
    3: 		<%= image_tag x.image.url(:medium) %>
    4: 		<br>
  
app/views/posts/index.html.erb:1:in `_app_views_posts_index_html_erb__681898287387743639_70104156509960'
  Rendering /Users/cslaptop/.rvm/gems/ruby-2.4.0/gems/actionpack-5.0.1/lib/action_dispatch/middleware/templates/rescues/template_error.html.erb within rescues/layout
  Rendering /Users/cslaptop/.rvm/gems/ruby-2.4.0/gems/actionpack-5.0.1/lib/action_dispatch/middleware/templates/rescues/_source.html.erb
  Rendered /Users/cslaptop/.rvm/gems/ruby-2.4.0/gems/actionpack-5.0.1/lib/action_dispatch/middleware/templates/rescues/_source.html.erb (7.7ms)
  Rendering /Users/cslaptop/.rvm/gems/ruby-2.4.0/gems/actionpack-5.0.1/lib/action_dispatch/middleware/templates/rescues/_trace.html.erb
  Rendered /Users/cslaptop/.rvm/gems/ruby-2.4.0/gems/actionpack-5.0.1/lib/action_dispatch/middleware/templates/rescues/_trace.html.erb (2.2ms)
  Rendering /Users/cslaptop/.rvm/gems/ruby-2.4.0/gems/actionpack-5.0.1/lib/action_dispatch/middleware/templates/rescues/_request_and_response.html.erb
  Rendered /Users/cslaptop/.rvm/gems/ruby-2.4.0/gems/actionpack-5.0.1/lib/action_dispatch/middleware/templates/rescues/_request_and_response.html.erb (0.7ms)
  Rendered /Users/cslaptop/.rvm/gems/ruby-2.4.0/gems/actionpack-5.0.1/lib/action_dispatch/middleware/templates/rescues/template_error.html.erb within rescues/layout (74.5ms)
Started GET "/" for 127.0.0.1 at 2017-02-09 19:56:48 -0800
Processing by PostsController#index as HTML
  Rendering posts/index.html.erb within layouts/application
  [1m[36mPost Load (0.3ms)[0m  [1m[34mSELECT "posts".* FROM "posts"[0m
  Rendered posts/index.html.erb within layouts/application (9.3ms)
  [1m[36mUser Load (0.1ms)[0m  [1m[34mSELECT  "users".* FROM "users" WHERE "users"."id" = ? ORDER BY "users"."id" ASC LIMIT ?[0m  [["id", 1], ["LIMIT", 1]]
Completed 200 OK in 77ms (Views: 73.7ms | ActiveRecord: 1.4ms)


Started GET "/" for 127.0.0.1 at 2017-02-09 19:59:32 -0800
Processing by PostsController#index as HTML
  Rendering posts/index.html.erb within layouts/application
  [1m[36mPost Load (0.2ms)[0m  [1m[34mSELECT "posts".* FROM "posts"[0m
  Rendered posts/index.html.erb within layouts/application (2.2ms)
  [1m[36mUser Load (0.3ms)[0m  [1m[34mSELECT  "users".* FROM "users" WHERE "users"."id" = ? ORDER BY "users"."id" ASC LIMIT ?[0m  [["id", 1], ["LIMIT", 1]]
Completed 200 OK in 60ms (Views: 56.8ms | ActiveRecord: 0.5ms)


Started GET "/posts/new" for 127.0.0.1 at 2017-02-09 19:59:35 -0800
Processing by PostsController#new as HTML
  Rendering posts/new.html.erb within layouts/application
  Rendered posts/new.html.erb within layouts/application (2.3ms)
  [1m[36mUser Load (0.2ms)[0m  [1m[34mSELECT  "users".* FROM "users" WHERE "users"."id" = ? ORDER BY "users"."id" ASC LIMIT ?[0m  [["id", 1], ["LIMIT", 1]]
Completed 200 OK in 65ms (Views: 54.7ms | ActiveRecord: 0.2ms)


Started DELETE "/users/sign_out" for 127.0.0.1 at 2017-02-09 19:59:37 -0800
Processing by Devise::SessionsController#destroy as HTML
  Parameters: {"authenticity_token"=>"ETIGkYn7o6rDgJC/3kVicAEijX0/mgEKwTfssSUYHGHovX8LA0PMB0/vhbdOajdSos+CybdtmT4RZHeyC4QQig=="}
  [1m[36mUser Load (0.2ms)[0m  [1m[34mSELECT  "users".* FROM "users" WHERE "users"."id" = ? ORDER BY "users"."id" ASC LIMIT ?[0m  [["id", 1], ["LIMIT", 1]]
  [1m[35m (0.1ms)[0m  [1m[36mbegin transaction[0m
  [1m[35m (0.0ms)[0m  [1m[36mcommit transaction[0m
Redirected to http://localhost:3000/
Completed 302 Found in 6ms (ActiveRecord: 0.3ms)


Started GET "/" for 127.0.0.1 at 2017-02-09 19:59:37 -0800
Processing by PostsController#index as HTML
  Rendering posts/index.html.erb within layouts/application
  [1m[36mPost Load (0.2ms)[0m  [1m[34mSELECT "posts".* FROM "posts"[0m
  Rendered posts/index.html.erb within layouts/application (2.2ms)
Completed 200 OK in 56ms (Views: 54.2ms | ActiveRecord: 0.2ms)


Started GET "/" for 127.0.0.1 at 2017-02-09 20:00:03 -0800
  [1m[36mActiveRecord::SchemaMigration Load (0.2ms)[0m  [1m[34mSELECT "schema_migrations".* FROM "schema_migrations"[0m
Processing by PostsController#index as HTML
  Rendering posts/index.html.erb within layouts/application
  [1m[36mPost Load (0.2ms)[0m  [1m[34mSELECT "posts".* FROM "posts"[0m
  Rendered posts/index.html.erb within layouts/application (13.1ms)
Completed 200 OK in 391ms (Views: 372.1ms | ActiveRecord: 0.7ms)


